---------------------------------------------------------------
[ 2018-08-10T17:33:13+08:00 ] 10.10.0.99 GET /
[ info ] 10.10.0.99:8365/ [运行时间：0.889910s][吞吐率：1.12req/s] [内存消耗：1,622.53kb] [文件加载：43]
[ info ] [ LANG ] E:\job\template360\thinkphp\lang\zh-cn.php
[ info ] [ ROUTE ] array (
  'type' => 'module',
  'module' => 
  array (
    0 => '',
    1 => NULL,
    2 => NULL,
  ),
)
[ info ] [ HEADER ] array (
  'cookie' => 'admin_username=admin; dataPage=218; pmaUser-1=%7B%22iv%22%3A%22cKorMxfMSMLnk1NJTlWrsQ%3D%3D%22%2C%22mac%22%3A%22c153b599d069714e68c335da62a44da1b80e6707%22%2C%22payload%22%3A%229Zxtl3AU92aubCni5Enkyw%3D%3D%22%7D',
  'accept-language' => 'zh-CN,zh;q=0.9',
  'accept-encoding' => 'gzip, deflate',
  'accept' => 'text/html,application/xhtml+xml,application/xml;q=0.9,image/webp,image/apng,*/*;q=0.8',
  'upgrade-insecure-requests' => '1',
  'user-agent' => 'Mozilla/5.0 (Windows NT 10.0; WOW64) AppleWebKit/537.36 (KHTML, like Gecko) Chrome/63.0.3239.132 Safari/537.36',
  'connection' => 'keep-alive',
  'host' => '10.10.0.99:8365',
  'content-length' => '',
  'content-type' => '',
)
[ info ] [ PARAM ] array (
)
[ info ] [ RUN ] app\index\controller\Index->index[ E:\job\template360\application\index\controller\Index.php ]
[ info ] [ SESSION ] INIT array (
  'id' => '',
  'var_session_id' => '',
  'prefix' => 'think',
  'type' => 'redis',
  'auto_start' => true,
)
[ info ] [ LOG ] INIT File
---------------------------------------------------------------
[ 2018-08-10T17:33:18+08:00 ] 10.10.0.99 GET /admin
[ info ] 10.10.0.99:8365/admin [运行时间：0.146449s][吞吐率：6.83req/s] [内存消耗：1,723.63kb] [文件加载：49]
[ info ] [ LANG ] E:\job\template360\thinkphp\lang\zh-cn.php
[ info ] [ ROUTE ] array (
  'type' => 'module',
  'module' => 
  array (
    0 => 'admin',
    1 => NULL,
    2 => NULL,
  ),
)
[ info ] [ HEADER ] array (
  'cookie' => 'admin_username=admin; dataPage=218; pmaUser-1=%7B%22iv%22%3A%22cKorMxfMSMLnk1NJTlWrsQ%3D%3D%22%2C%22mac%22%3A%22c153b599d069714e68c335da62a44da1b80e6707%22%2C%22payload%22%3A%229Zxtl3AU92aubCni5Enkyw%3D%3D%22%7D; PHPSESSID=mj2bvbrh309irnaa9qhiis44k4',
  'accept-language' => 'zh-CN,zh;q=0.9',
  'accept-encoding' => 'gzip, deflate',
  'accept' => 'text/html,application/xhtml+xml,application/xml;q=0.9,image/webp,image/apng,*/*;q=0.8',
  'upgrade-insecure-requests' => '1',
  'user-agent' => 'Mozilla/5.0 (Windows NT 10.0; WOW64) AppleWebKit/537.36 (KHTML, like Gecko) Chrome/63.0.3239.132 Safari/537.36',
  'connection' => 'keep-alive',
  'host' => '10.10.0.99:8365',
  'content-length' => '',
  'content-type' => '',
)
[ info ] [ PARAM ] array (
)
[ info ] [ SESSION ] INIT array (
  'id' => '',
  'var_session_id' => '',
  'prefix' => 'think',
  'type' => 'redis',
  'auto_start' => true,
)
[ info ] [ LOG ] INIT File
---------------------------------------------------------------
[ 2018-08-10T17:33:18+08:00 ] 10.10.0.99 GET /admin/login/index.html
[ info ] 10.10.0.99:8365/admin/login/index.html [运行时间：0.107015s][吞吐率：9.34req/s] [内存消耗：1,848.09kb] [文件加载：49]
[ info ] [ LANG ] E:\job\template360\thinkphp\lang\zh-cn.php
[ info ] [ ROUTE ] array (
  'type' => 'module',
  'module' => 
  array (
    0 => 'admin',
    1 => 'login',
    2 => 'index',
  ),
)
[ info ] [ HEADER ] array (
  'cookie' => 'admin_username=admin; dataPage=218; pmaUser-1=%7B%22iv%22%3A%22cKorMxfMSMLnk1NJTlWrsQ%3D%3D%22%2C%22mac%22%3A%22c153b599d069714e68c335da62a44da1b80e6707%22%2C%22payload%22%3A%229Zxtl3AU92aubCni5Enkyw%3D%3D%22%7D; PHPSESSID=mj2bvbrh309irnaa9qhiis44k4',
  'accept-language' => 'zh-CN,zh;q=0.9',
  'accept-encoding' => 'gzip, deflate',
  'accept' => 'text/html,application/xhtml+xml,application/xml;q=0.9,image/webp,image/apng,*/*;q=0.8',
  'upgrade-insecure-requests' => '1',
  'user-agent' => 'Mozilla/5.0 (Windows NT 10.0; WOW64) AppleWebKit/537.36 (KHTML, like Gecko) Chrome/63.0.3239.132 Safari/537.36',
  'connection' => 'keep-alive',
  'host' => '10.10.0.99:8365',
  'content-length' => '',
  'content-type' => '',
)
[ info ] [ PARAM ] array (
)
[ info ] [ RUN ] app\admin\controller\Login->index[ E:\job\template360\application\admin\controller\Login.php ]
[ info ] [ VIEW ] E:\job\template360\public/../application/admin\view\login\index.php [ array (
) ]
[ info ] [ SESSION ] INIT array (
  'id' => '',
  'var_session_id' => '',
  'prefix' => 'think',
  'type' => 'redis',
  'auto_start' => true,
)
[ info ] [ LOG ] INIT File
---------------------------------------------------------------
[ 2018-08-10T17:33:18+08:00 ] 10.10.0.99 GET /admin/login/verify.html
[ info ] 10.10.0.99:8365/admin/login/verify.html [运行时间：0.196674s][吞吐率：5.08req/s] [内存消耗：1,696.84kb] [文件加载：46]
[ info ] [ LANG ] E:\job\template360\thinkphp\lang\zh-cn.php
[ info ] [ ROUTE ] array (
  'type' => 'module',
  'module' => 
  array (
    0 => 'admin',
    1 => 'login',
    2 => 'verify',
  ),
)
[ info ] [ HEADER ] array (
  'cookie' => 'admin_username=admin; dataPage=218; pmaUser-1=%7B%22iv%22%3A%22cKorMxfMSMLnk1NJTlWrsQ%3D%3D%22%2C%22mac%22%3A%22c153b599d069714e68c335da62a44da1b80e6707%22%2C%22payload%22%3A%229Zxtl3AU92aubCni5Enkyw%3D%3D%22%7D; PHPSESSID=mj2bvbrh309irnaa9qhiis44k4',
  'accept-language' => 'zh-CN,zh;q=0.9',
  'accept-encoding' => 'gzip, deflate',
  'referer' => 'http://10.10.0.99:8365/admin/login/index.html',
  'accept' => 'image/webp,image/apng,image/*,*/*;q=0.8',
  'user-agent' => 'Mozilla/5.0 (Windows NT 10.0; WOW64) AppleWebKit/537.36 (KHTML, like Gecko) Chrome/63.0.3239.132 Safari/537.36',
  'connection' => 'keep-alive',
  'host' => '10.10.0.99:8365',
  'content-length' => '',
  'content-type' => '',
)
[ info ] [ PARAM ] array (
)
[ info ] [ RUN ] app\admin\controller\Login->verify[ E:\job\template360\application\admin\controller\Login.php ]
[ info ] [ SESSION ] INIT array (
  'id' => '',
  'var_session_id' => '',
  'prefix' => 'think',
  'type' => 'redis',
  'auto_start' => true,
)
[ info ] [ LOG ] INIT File
---------------------------------------------------------------
[ 2018-08-10T17:33:50+08:00 ] 10.10.0.99 POST /admin/login/dologin.html
[ info ] 10.10.0.99:8365/admin/login/dologin.html [运行时间：0.299069s][吞吐率：3.34req/s] [内存消耗：2,992.59kb] [文件加载：61]
[ info ] [ LANG ] E:\job\template360\thinkphp\lang\zh-cn.php
[ info ] [ ROUTE ] array (
  'type' => 'module',
  'module' => 
  array (
    0 => 'admin',
    1 => 'login',
    2 => 'dologin',
  ),
)
[ info ] [ HEADER ] array (
  'cookie' => 'admin_username=admin; dataPage=218; pmaUser-1=%7B%22iv%22%3A%22cKorMxfMSMLnk1NJTlWrsQ%3D%3D%22%2C%22mac%22%3A%22c153b599d069714e68c335da62a44da1b80e6707%22%2C%22payload%22%3A%229Zxtl3AU92aubCni5Enkyw%3D%3D%22%7D; PHPSESSID=mj2bvbrh309irnaa9qhiis44k4',
  'accept-language' => 'zh-CN,zh;q=0.9',
  'accept-encoding' => 'gzip, deflate',
  'referer' => 'http://10.10.0.99:8365/admin/login/index.html',
  'content-type' => 'application/x-www-form-urlencoded; charset=UTF-8',
  'user-agent' => 'Mozilla/5.0 (Windows NT 10.0; WOW64) AppleWebKit/537.36 (KHTML, like Gecko) Chrome/63.0.3239.132 Safari/537.36',
  'x-requested-with' => 'XMLHttpRequest',
  'origin' => 'http://10.10.0.99:8365',
  'accept' => '*/*',
  'content-length' => '90',
  'connection' => 'keep-alive',
  'host' => '10.10.0.99:8365',
)
[ info ] [ PARAM ] array (
  '__token__' => 'b0d8de5bb12e5a6e1523092b5559318a',
  'username' => 'admin',
  'password' => '123456',
  'verifycode' => '74577',
)
[ info ] [ RUN ] app\admin\controller\Login->dologin[ E:\job\template360\application\admin\controller\Login.php ]
[ info ] [ SESSION ] INIT array (
  'id' => '',
  'var_session_id' => '',
  'prefix' => 'think',
  'type' => 'redis',
  'auto_start' => true,
)
[ info ] [ DB ] INIT mysql
[ info ] [ CACHE ] INIT File
[ info ] [ LOG ] INIT File
[ sql ] [ DB ] CONNECT:[ UseTime:0.001410s ] mysql:host=127.0.0.1;port=3306;dbname=template360;charset=utf8
[ sql ] [ SQL ] SHOW COLUMNS FROM `tpl_user` [ RunTime:0.039054s ]
[ sql ] [ SQL ] SELECT * FROM `tpl_user` WHERE  `username` = 'admin' LIMIT 1 [ RunTime:0.000991s ]
[ sql ] [ SQL ] UPDATE `tpl_user`  SET `last_login_time`=1533893630,`last_login_ip`='10.10.0.99'  WHERE  `id` = 1 [ RunTime:0.032778s ]
---------------------------------------------------------------
[ 2018-08-10T17:33:52+08:00 ] 10.10.0.99 GET /admin/index/index.html
[ info ] 10.10.0.99:8365/admin/index/index.html [运行时间：0.114312s][吞吐率：8.75req/s] [内存消耗：3,110.19kb] [文件加载：62]
[ info ] [ LANG ] E:\job\template360\thinkphp\lang\zh-cn.php
[ info ] [ ROUTE ] array (
  'type' => 'module',
  'module' => 
  array (
    0 => 'admin',
    1 => 'index',
    2 => 'index',
  ),
)
[ info ] [ HEADER ] array (
  'cookie' => 'admin_username=admin; dataPage=218; pmaUser-1=%7B%22iv%22%3A%22cKorMxfMSMLnk1NJTlWrsQ%3D%3D%22%2C%22mac%22%3A%22c153b599d069714e68c335da62a44da1b80e6707%22%2C%22payload%22%3A%229Zxtl3AU92aubCni5Enkyw%3D%3D%22%7D; PHPSESSID=mj2bvbrh309irnaa9qhiis44k4',
  'accept-language' => 'zh-CN,zh;q=0.9',
  'accept-encoding' => 'gzip, deflate',
  'referer' => 'http://10.10.0.99:8365/admin/login/index.html',
  'accept' => 'text/html,application/xhtml+xml,application/xml;q=0.9,image/webp,image/apng,*/*;q=0.8',
  'user-agent' => 'Mozilla/5.0 (Windows NT 10.0; WOW64) AppleWebKit/537.36 (KHTML, like Gecko) Chrome/63.0.3239.132 Safari/537.36',
  'upgrade-insecure-requests' => '1',
  'connection' => 'keep-alive',
  'host' => '10.10.0.99:8365',
  'content-length' => '',
  'content-type' => '',
)
[ info ] [ PARAM ] array (
)
[ info ] [ SESSION ] INIT array (
  'id' => '',
  'var_session_id' => '',
  'prefix' => 'think',
  'type' => 'redis',
  'auto_start' => true,
)
[ info ] [ DB ] INIT mysql
[ info ] [ CACHE ] INIT File
[ info ] [ RUN ] app\admin\controller\Index->index[ E:\job\template360\application\admin\controller\Index.php ]
[ info ] [ VIEW ] E:\job\template360\public/../application/admin\view\index\index.php [ array (
  0 => 'user',
  1 => 'admin_menus',
) ]
[ info ] [ LOG ] INIT File
[ sql ] [ DB ] CONNECT:[ UseTime:0.001699s ] mysql:host=127.0.0.1;port=3306;dbname=template360;charset=utf8
[ sql ] [ SQL ] SHOW COLUMNS FROM `tpl_user` [ RunTime:0.003919s ]
[ sql ] [ SQL ] SELECT * FROM `tpl_user` WHERE  `id` = 1 LIMIT 1 [ RunTime:0.001230s ]
---------------------------------------------------------------
[ 2018-08-10T17:34:02+08:00 ] 10.10.0.99 GET /admin/setting/site.html
[ info ] 10.10.0.99:8365/admin/setting/site.html [运行时间：0.097518s][吞吐率：10.25req/s] [内存消耗：1,364.23kb] [文件加载：41]
[ info ] [ LANG ] E:\job\template360\thinkphp\lang\zh-cn.php
[ info ] [ ROUTE ] array (
  'type' => 'module',
  'module' => 
  array (
    0 => 'admin',
    1 => 'setting',
    2 => 'site',
  ),
)
[ info ] [ HEADER ] array (
  'cookie' => 'admin_username=admin; dataPage=218; pmaUser-1=%7B%22iv%22%3A%22cKorMxfMSMLnk1NJTlWrsQ%3D%3D%22%2C%22mac%22%3A%22c153b599d069714e68c335da62a44da1b80e6707%22%2C%22payload%22%3A%229Zxtl3AU92aubCni5Enkyw%3D%3D%22%7D; PHPSESSID=mj2bvbrh309irnaa9qhiis44k4',
  'accept-language' => 'zh-CN,zh;q=0.9',
  'accept-encoding' => 'gzip, deflate',
  'referer' => 'http://10.10.0.99:8365/admin/index/index.html',
  'accept' => 'text/html,application/xhtml+xml,application/xml;q=0.9,image/webp,image/apng,*/*;q=0.8',
  'user-agent' => 'Mozilla/5.0 (Windows NT 10.0; WOW64) AppleWebKit/537.36 (KHTML, like Gecko) Chrome/63.0.3239.132 Safari/537.36',
  'upgrade-insecure-requests' => '1',
  'connection' => 'keep-alive',
  'host' => '10.10.0.99:8365',
  'content-length' => '',
  'content-type' => '',
)
[ info ] [ PARAM ] array (
)
[ info ] [ LOG ] INIT File
---------------------------------------------------------------
[ 2018-08-10T17:34:04+08:00 ] 10.10.0.99 GET /admin/index/index.html
[ info ] 10.10.0.99:8365/admin/index/index.html [运行时间：0.078502s][吞吐率：12.74req/s] [内存消耗：2,958.02kb] [文件加载：60]
[ info ] [ LANG ] E:\job\template360\thinkphp\lang\zh-cn.php
[ info ] [ ROUTE ] array (
  'type' => 'module',
  'module' => 
  array (
    0 => 'admin',
    1 => 'index',
    2 => 'index',
  ),
)
[ info ] [ HEADER ] array (
  'cookie' => 'admin_username=admin; dataPage=218; pmaUser-1=%7B%22iv%22%3A%22cKorMxfMSMLnk1NJTlWrsQ%3D%3D%22%2C%22mac%22%3A%22c153b599d069714e68c335da62a44da1b80e6707%22%2C%22payload%22%3A%229Zxtl3AU92aubCni5Enkyw%3D%3D%22%7D; PHPSESSID=mj2bvbrh309irnaa9qhiis44k4',
  'accept-language' => 'zh-CN,zh;q=0.9',
  'accept-encoding' => 'gzip, deflate',
  'referer' => 'http://10.10.0.99:8365/admin/login/index.html',
  'accept' => 'text/html,application/xhtml+xml,application/xml;q=0.9,image/webp,image/apng,*/*;q=0.8',
  'upgrade-insecure-requests' => '1',
  'user-agent' => 'Mozilla/5.0 (Windows NT 10.0; WOW64) AppleWebKit/537.36 (KHTML, like Gecko) Chrome/63.0.3239.132 Safari/537.36',
  'connection' => 'keep-alive',
  'host' => '10.10.0.99:8365',
  'content-length' => '',
  'content-type' => '',
)
[ info ] [ PARAM ] array (
)
[ info ] [ SESSION ] INIT array (
  'id' => '',
  'var_session_id' => '',
  'prefix' => 'think',
  'type' => 'redis',
  'auto_start' => true,
)
[ info ] [ DB ] INIT mysql
[ info ] [ CACHE ] INIT File
[ info ] [ RUN ] app\admin\controller\Index->index[ E:\job\template360\application\admin\controller\Index.php ]
[ info ] [ VIEW ] E:\job\template360\public/../application/admin\view\index\index.php [ array (
  0 => 'user',
  1 => 'admin_menus',
) ]
[ info ] [ LOG ] INIT File
[ sql ] [ DB ] CONNECT:[ UseTime:0.001770s ] mysql:host=127.0.0.1;port=3306;dbname=template360;charset=utf8
[ sql ] [ SQL ] SHOW COLUMNS FROM `tpl_user` [ RunTime:0.002766s ]
[ sql ] [ SQL ] SELECT * FROM `tpl_user` WHERE  `id` = 1 LIMIT 1 [ RunTime:0.000971s ]
---------------------------------------------------------------
[ 2018-08-10T17:34:09+08:00 ] 10.10.0.99 GET /admin/rbac/index.html
[ info ] 10.10.0.99:8365/admin/rbac/index.html [运行时间：0.051061s][吞吐率：19.58req/s] [内存消耗：1,364.23kb] [文件加载：41]
[ info ] [ LANG ] E:\job\template360\thinkphp\lang\zh-cn.php
[ info ] [ ROUTE ] array (
  'type' => 'module',
  'module' => 
  array (
    0 => 'admin',
    1 => 'rbac',
    2 => 'index',
  ),
)
[ info ] [ HEADER ] array (
  'cookie' => 'admin_username=admin; dataPage=218; pmaUser-1=%7B%22iv%22%3A%22cKorMxfMSMLnk1NJTlWrsQ%3D%3D%22%2C%22mac%22%3A%22c153b599d069714e68c335da62a44da1b80e6707%22%2C%22payload%22%3A%229Zxtl3AU92aubCni5Enkyw%3D%3D%22%7D; PHPSESSID=mj2bvbrh309irnaa9qhiis44k4',
  'accept-language' => 'zh-CN,zh;q=0.9',
  'accept-encoding' => 'gzip, deflate',
  'referer' => 'http://10.10.0.99:8365/admin/index/index.html',
  'accept' => 'text/html,application/xhtml+xml,application/xml;q=0.9,image/webp,image/apng,*/*;q=0.8',
  'user-agent' => 'Mozilla/5.0 (Windows NT 10.0; WOW64) AppleWebKit/537.36 (KHTML, like Gecko) Chrome/63.0.3239.132 Safari/537.36',
  'upgrade-insecure-requests' => '1',
  'connection' => 'keep-alive',
  'host' => '10.10.0.99:8365',
  'content-length' => '',
  'content-type' => '',
)
[ info ] [ PARAM ] array (
)
[ info ] [ LOG ] INIT File
---------------------------------------------------------------
[ 2018-08-10T17:34:11+08:00 ] 10.10.0.99 GET /admin/index/index.html
[ info ] 10.10.0.99:8365/admin/index/index.html [运行时间：0.081486s][吞吐率：12.27req/s] [内存消耗：2,958.02kb] [文件加载：60]
[ info ] [ LANG ] E:\job\template360\thinkphp\lang\zh-cn.php
[ info ] [ ROUTE ] array (
  'type' => 'module',
  'module' => 
  array (
    0 => 'admin',
    1 => 'index',
    2 => 'index',
  ),
)
[ info ] [ HEADER ] array (
  'cookie' => 'admin_username=admin; dataPage=218; pmaUser-1=%7B%22iv%22%3A%22cKorMxfMSMLnk1NJTlWrsQ%3D%3D%22%2C%22mac%22%3A%22c153b599d069714e68c335da62a44da1b80e6707%22%2C%22payload%22%3A%229Zxtl3AU92aubCni5Enkyw%3D%3D%22%7D; PHPSESSID=mj2bvbrh309irnaa9qhiis44k4',
  'accept-language' => 'zh-CN,zh;q=0.9',
  'accept-encoding' => 'gzip, deflate',
  'referer' => 'http://10.10.0.99:8365/admin/setting/site.html',
  'accept' => 'text/html,application/xhtml+xml,application/xml;q=0.9,image/webp,image/apng,*/*;q=0.8',
  'upgrade-insecure-requests' => '1',
  'user-agent' => 'Mozilla/5.0 (Windows NT 10.0; WOW64) AppleWebKit/537.36 (KHTML, like Gecko) Chrome/63.0.3239.132 Safari/537.36',
  'connection' => 'keep-alive',
  'host' => '10.10.0.99:8365',
  'content-length' => '',
  'content-type' => '',
)
[ info ] [ PARAM ] array (
)
[ info ] [ SESSION ] INIT array (
  'id' => '',
  'var_session_id' => '',
  'prefix' => 'think',
  'type' => 'redis',
  'auto_start' => true,
)
[ info ] [ DB ] INIT mysql
[ info ] [ CACHE ] INIT File
[ info ] [ RUN ] app\admin\controller\Index->index[ E:\job\template360\application\admin\controller\Index.php ]
[ info ] [ VIEW ] E:\job\template360\public/../application/admin\view\index\index.php [ array (
  0 => 'user',
  1 => 'admin_menus',
) ]
[ info ] [ LOG ] INIT File
[ sql ] [ DB ] CONNECT:[ UseTime:0.001271s ] mysql:host=127.0.0.1;port=3306;dbname=template360;charset=utf8
[ sql ] [ SQL ] SHOW COLUMNS FROM `tpl_user` [ RunTime:0.002039s ]
[ sql ] [ SQL ] SELECT * FROM `tpl_user` WHERE  `id` = 1 LIMIT 1 [ RunTime:0.000616s ]
---------------------------------------------------------------
[ 2018-08-10T17:34:23+08:00 ] 10.10.0.99 GET /admin/nav/index.html
[ info ] 10.10.0.99:8365/admin/nav/index.html [运行时间：0.048323s][吞吐率：20.69req/s] [内存消耗：1,364.30kb] [文件加载：41]
[ info ] [ LANG ] E:\job\template360\thinkphp\lang\zh-cn.php
[ info ] [ ROUTE ] array (
  'type' => 'module',
  'module' => 
  array (
    0 => 'admin',
    1 => 'nav',
    2 => 'index',
  ),
)
[ info ] [ HEADER ] array (
  'cookie' => 'admin_username=admin; dataPage=218; pmaUser-1=%7B%22iv%22%3A%22cKorMxfMSMLnk1NJTlWrsQ%3D%3D%22%2C%22mac%22%3A%22c153b599d069714e68c335da62a44da1b80e6707%22%2C%22payload%22%3A%229Zxtl3AU92aubCni5Enkyw%3D%3D%22%7D; PHPSESSID=mj2bvbrh309irnaa9qhiis44k4',
  'accept-language' => 'zh-CN,zh;q=0.9',
  'accept-encoding' => 'gzip, deflate',
  'referer' => 'http://10.10.0.99:8365/admin/index/index.html',
  'accept' => 'text/html,application/xhtml+xml,application/xml;q=0.9,image/webp,image/apng,*/*;q=0.8',
  'user-agent' => 'Mozilla/5.0 (Windows NT 10.0; WOW64) AppleWebKit/537.36 (KHTML, like Gecko) Chrome/63.0.3239.132 Safari/537.36',
  'upgrade-insecure-requests' => '1',
  'connection' => 'keep-alive',
  'host' => '10.10.0.99:8365',
  'content-length' => '',
  'content-type' => '',
)
[ info ] [ PARAM ] array (
)
[ info ] [ LOG ] INIT File
---------------------------------------------------------------
[ 2018-08-10T17:34:24+08:00 ] 10.10.0.99 GET /admin/index/index.html
[ info ] 10.10.0.99:8365/admin/index/index.html [运行时间：0.076404s][吞吐率：13.09req/s] [内存消耗：2,958.02kb] [文件加载：60]
[ info ] [ LANG ] E:\job\template360\thinkphp\lang\zh-cn.php
[ info ] [ ROUTE ] array (
  'type' => 'module',
  'module' => 
  array (
    0 => 'admin',
    1 => 'index',
    2 => 'index',
  ),
)
[ info ] [ HEADER ] array (
  'cookie' => 'admin_username=admin; dataPage=218; pmaUser-1=%7B%22iv%22%3A%22cKorMxfMSMLnk1NJTlWrsQ%3D%3D%22%2C%22mac%22%3A%22c153b599d069714e68c335da62a44da1b80e6707%22%2C%22payload%22%3A%229Zxtl3AU92aubCni5Enkyw%3D%3D%22%7D; PHPSESSID=mj2bvbrh309irnaa9qhiis44k4',
  'accept-language' => 'zh-CN,zh;q=0.9',
  'accept-encoding' => 'gzip, deflate',
  'referer' => 'http://10.10.0.99:8365/admin/rbac/index.html',
  'accept' => 'text/html,application/xhtml+xml,application/xml;q=0.9,image/webp,image/apng,*/*;q=0.8',
  'upgrade-insecure-requests' => '1',
  'user-agent' => 'Mozilla/5.0 (Windows NT 10.0; WOW64) AppleWebKit/537.36 (KHTML, like Gecko) Chrome/63.0.3239.132 Safari/537.36',
  'connection' => 'keep-alive',
  'host' => '10.10.0.99:8365',
  'content-length' => '',
  'content-type' => '',
)
[ info ] [ PARAM ] array (
)
[ info ] [ SESSION ] INIT array (
  'id' => '',
  'var_session_id' => '',
  'prefix' => 'think',
  'type' => 'redis',
  'auto_start' => true,
)
[ info ] [ DB ] INIT mysql
[ info ] [ CACHE ] INIT File
[ info ] [ RUN ] app\admin\controller\Index->index[ E:\job\template360\application\admin\controller\Index.php ]
[ info ] [ VIEW ] E:\job\template360\public/../application/admin\view\index\index.php [ array (
  0 => 'user',
  1 => 'admin_menus',
) ]
[ info ] [ LOG ] INIT File
[ sql ] [ DB ] CONNECT:[ UseTime:0.001449s ] mysql:host=127.0.0.1;port=3306;dbname=template360;charset=utf8
[ sql ] [ SQL ] SHOW COLUMNS FROM `tpl_user` [ RunTime:0.002507s ]
[ sql ] [ SQL ] SELECT * FROM `tpl_user` WHERE  `id` = 1 LIMIT 1 [ RunTime:0.000609s ]
---------------------------------------------------------------
[ 2018-08-10T17:34:29+08:00 ] 10.10.0.99 GET /portal/admin_article/index.html
[ info ] 10.10.0.99:8365/portal/admin_article/index.html [运行时间：0.038489s][吞吐率：25.98req/s] [内存消耗：1,349.64kb] [文件加载：38]
[ info ] [ LANG ] E:\job\template360\thinkphp\lang\zh-cn.php
[ info ] [ ROUTE ] array (
  'type' => 'module',
  'module' => 
  array (
    0 => 'portal',
    1 => 'admin_article',
    2 => 'index',
  ),
)
[ info ] [ HEADER ] array (
  'cookie' => 'admin_username=admin; dataPage=218; pmaUser-1=%7B%22iv%22%3A%22cKorMxfMSMLnk1NJTlWrsQ%3D%3D%22%2C%22mac%22%3A%22c153b599d069714e68c335da62a44da1b80e6707%22%2C%22payload%22%3A%229Zxtl3AU92aubCni5Enkyw%3D%3D%22%7D; PHPSESSID=mj2bvbrh309irnaa9qhiis44k4',
  'accept-language' => 'zh-CN,zh;q=0.9',
  'accept-encoding' => 'gzip, deflate',
  'referer' => 'http://10.10.0.99:8365/admin/index/index.html',
  'accept' => 'text/html,application/xhtml+xml,application/xml;q=0.9,image/webp,image/apng,*/*;q=0.8',
  'user-agent' => 'Mozilla/5.0 (Windows NT 10.0; WOW64) AppleWebKit/537.36 (KHTML, like Gecko) Chrome/63.0.3239.132 Safari/537.36',
  'upgrade-insecure-requests' => '1',
  'connection' => 'keep-alive',
  'host' => '10.10.0.99:8365',
  'content-length' => '',
  'content-type' => '',
)
[ info ] [ PARAM ] array (
)
[ info ] [ LOG ] INIT File
---------------------------------------------------------------
[ 2018-08-10T17:34:30+08:00 ] 10.10.0.99 GET /admin/index/index.html
[ info ] 10.10.0.99:8365/admin/index/index.html [运行时间：0.078116s][吞吐率：12.80req/s] [内存消耗：2,957.95kb] [文件加载：60]
[ info ] [ LANG ] E:\job\template360\thinkphp\lang\zh-cn.php
[ info ] [ ROUTE ] array (
  'type' => 'module',
  'module' => 
  array (
    0 => 'admin',
    1 => 'index',
    2 => 'index',
  ),
)
[ info ] [ HEADER ] array (
  'cookie' => 'admin_username=admin; dataPage=218; pmaUser-1=%7B%22iv%22%3A%22cKorMxfMSMLnk1NJTlWrsQ%3D%3D%22%2C%22mac%22%3A%22c153b599d069714e68c335da62a44da1b80e6707%22%2C%22payload%22%3A%229Zxtl3AU92aubCni5Enkyw%3D%3D%22%7D; PHPSESSID=mj2bvbrh309irnaa9qhiis44k4',
  'accept-language' => 'zh-CN,zh;q=0.9',
  'accept-encoding' => 'gzip, deflate',
  'referer' => 'http://10.10.0.99:8365/admin/nav/index.html',
  'accept' => 'text/html,application/xhtml+xml,application/xml;q=0.9,image/webp,image/apng,*/*;q=0.8',
  'upgrade-insecure-requests' => '1',
  'user-agent' => 'Mozilla/5.0 (Windows NT 10.0; WOW64) AppleWebKit/537.36 (KHTML, like Gecko) Chrome/63.0.3239.132 Safari/537.36',
  'connection' => 'keep-alive',
  'host' => '10.10.0.99:8365',
  'content-length' => '',
  'content-type' => '',
)
[ info ] [ PARAM ] array (
)
[ info ] [ SESSION ] INIT array (
  'id' => '',
  'var_session_id' => '',
  'prefix' => 'think',
  'type' => 'redis',
  'auto_start' => true,
)
[ info ] [ DB ] INIT mysql
[ info ] [ CACHE ] INIT File
[ info ] [ RUN ] app\admin\controller\Index->index[ E:\job\template360\application\admin\controller\Index.php ]
[ info ] [ VIEW ] E:\job\template360\public/../application/admin\view\index\index.php [ array (
  0 => 'user',
  1 => 'admin_menus',
) ]
[ info ] [ LOG ] INIT File
[ sql ] [ DB ] CONNECT:[ UseTime:0.001383s ] mysql:host=127.0.0.1;port=3306;dbname=template360;charset=utf8
[ sql ] [ SQL ] SHOW COLUMNS FROM `tpl_user` [ RunTime:0.003059s ]
[ sql ] [ SQL ] SELECT * FROM `tpl_user` WHERE  `id` = 1 LIMIT 1 [ RunTime:0.000810s ]
---------------------------------------------------------------
[ 2018-08-10T17:34:34+08:00 ] 10.10.0.99 GET /admin/menu/index.html
[ info ] 10.10.0.99:8365/admin/menu/index.html [运行时间：0.205280s][吞吐率：4.87req/s] [内存消耗：3,444.14kb] [文件加载：61]
[ info ] [ LANG ] E:\job\template360\thinkphp\lang\zh-cn.php
[ info ] [ ROUTE ] array (
  'type' => 'module',
  'module' => 
  array (
    0 => 'admin',
    1 => 'menu',
    2 => 'index',
  ),
)
[ info ] [ HEADER ] array (
  'cookie' => 'admin_username=admin; dataPage=218; pmaUser-1=%7B%22iv%22%3A%22cKorMxfMSMLnk1NJTlWrsQ%3D%3D%22%2C%22mac%22%3A%22c153b599d069714e68c335da62a44da1b80e6707%22%2C%22payload%22%3A%229Zxtl3AU92aubCni5Enkyw%3D%3D%22%7D; PHPSESSID=mj2bvbrh309irnaa9qhiis44k4',
  'accept-language' => 'zh-CN,zh;q=0.9',
  'accept-encoding' => 'gzip, deflate',
  'referer' => 'http://10.10.0.99:8365/admin/index/index.html',
  'accept' => 'text/html,application/xhtml+xml,application/xml;q=0.9,image/webp,image/apng,*/*;q=0.8',
  'user-agent' => 'Mozilla/5.0 (Windows NT 10.0; WOW64) AppleWebKit/537.36 (KHTML, like Gecko) Chrome/63.0.3239.132 Safari/537.36',
  'upgrade-insecure-requests' => '1',
  'connection' => 'keep-alive',
  'host' => '10.10.0.99:8365',
  'content-length' => '',
  'content-type' => '',
)
[ info ] [ PARAM ] array (
)
[ info ] [ SESSION ] INIT array (
  'id' => '',
  'var_session_id' => '',
  'prefix' => 'think',
  'type' => 'redis',
  'auto_start' => true,
)
[ info ] [ DB ] INIT mysql
[ info ] [ CACHE ] INIT File
[ info ] [ RUN ] app\admin\controller\Menu->index[ E:\job\template360\application\admin\controller\Menu.php ]
[ info ] [ VIEW ] E:\job\template360\public/../application/admin\view\menu\index.php [ array (
  0 => 'user',
  1 => 'admin_menus',
  2 => 'category',
) ]
[ info ] [ LOG ] INIT File
[ sql ] [ DB ] CONNECT:[ UseTime:0.001415s ] mysql:host=127.0.0.1;port=3306;dbname=template360;charset=utf8
[ sql ] [ SQL ] SHOW COLUMNS FROM `tpl_user` [ RunTime:0.003232s ]
[ sql ] [ SQL ] SELECT * FROM `tpl_user` WHERE  `id` = 1 LIMIT 1 [ RunTime:0.001091s ]
[ sql ] [ SQL ] SHOW COLUMNS FROM `tpl_admin_menu` [ RunTime:0.015573s ]
[ sql ] [ SQL ] SELECT * FROM `tpl_admin_menu` ORDER BY `list_order` ASC [ RunTime:0.012202s ]
---------------------------------------------------------------
[ 2018-08-10T17:35:13+08:00 ] 10.10.0.99 GET /admin/user/index.html
[ info ] 10.10.0.99:8365/admin/user/index.html [运行时间：0.124831s][吞吐率：8.01req/s] [内存消耗：3,171.23kb] [文件加载：62]
[ info ] [ LANG ] E:\job\template360\thinkphp\lang\zh-cn.php
[ info ] [ ROUTE ] array (
  'type' => 'module',
  'module' => 
  array (
    0 => 'admin',
    1 => 'user',
    2 => 'index',
  ),
)
[ info ] [ HEADER ] array (
  'cookie' => 'admin_username=admin; dataPage=218; pmaUser-1=%7B%22iv%22%3A%22cKorMxfMSMLnk1NJTlWrsQ%3D%3D%22%2C%22mac%22%3A%22c153b599d069714e68c335da62a44da1b80e6707%22%2C%22payload%22%3A%229Zxtl3AU92aubCni5Enkyw%3D%3D%22%7D; PHPSESSID=mj2bvbrh309irnaa9qhiis44k4',
  'accept-language' => 'zh-CN,zh;q=0.9',
  'accept-encoding' => 'gzip, deflate',
  'referer' => 'http://10.10.0.99:8365/admin/menu/index.html',
  'accept' => 'text/html,application/xhtml+xml,application/xml;q=0.9,image/webp,image/apng,*/*;q=0.8',
  'user-agent' => 'Mozilla/5.0 (Windows NT 10.0; WOW64) AppleWebKit/537.36 (KHTML, like Gecko) Chrome/63.0.3239.132 Safari/537.36',
  'upgrade-insecure-requests' => '1',
  'connection' => 'keep-alive',
  'host' => '10.10.0.99:8365',
  'content-length' => '',
  'content-type' => '',
)
[ info ] [ PARAM ] array (
)
[ info ] [ SESSION ] INIT array (
  'id' => '',
  'var_session_id' => '',
  'prefix' => 'think',
  'type' => 'redis',
  'auto_start' => true,
)
[ info ] [ DB ] INIT mysql
[ info ] [ CACHE ] INIT File
[ info ] [ RUN ] app\admin\controller\User->index[ E:\job\template360\application\admin\controller\User.php ]
[ info ] [ VIEW ] E:\job\template360\public/../application/admin\view\user\index.php [ array (
  0 => 'user',
  1 => 'admin_menus',
  2 => 'list',
) ]
[ info ] [ LOG ] INIT File
[ sql ] [ DB ] CONNECT:[ UseTime:0.001855s ] mysql:host=127.0.0.1;port=3306;dbname=template360;charset=utf8
[ sql ] [ SQL ] SHOW COLUMNS FROM `tpl_user` [ RunTime:0.002863s ]
[ sql ] [ SQL ] SELECT * FROM `tpl_user` WHERE  `id` = 1 LIMIT 1 [ RunTime:0.001021s ]
[ sql ] [ SQL ] SELECT * FROM `tpl_user` ORDER BY `id` ASC [ RunTime:0.000978s ]
---------------------------------------------------------------
[ 2018-08-10T17:35:47+08:00 ] 10.10.0.99 GET /admin/clear/cache.html
[ info ] 10.10.0.99:8365/admin/clear/cache.html [运行时间：0.170957s][吞吐率：5.85req/s] [内存消耗：2,965.66kb] [文件加载：63]
[ info ] [ LANG ] E:\job\template360\thinkphp\lang\zh-cn.php
[ info ] [ ROUTE ] array (
  'type' => 'module',
  'module' => 
  array (
    0 => 'admin',
    1 => 'clear',
    2 => 'cache',
  ),
)
[ info ] [ HEADER ] array (
  'cookie' => 'admin_username=admin; dataPage=218; pmaUser-1=%7B%22iv%22%3A%22cKorMxfMSMLnk1NJTlWrsQ%3D%3D%22%2C%22mac%22%3A%22c153b599d069714e68c335da62a44da1b80e6707%22%2C%22payload%22%3A%229Zxtl3AU92aubCni5Enkyw%3D%3D%22%7D; PHPSESSID=mj2bvbrh309irnaa9qhiis44k4',
  'accept-language' => 'zh-CN,zh;q=0.9',
  'accept-encoding' => 'gzip, deflate',
  'referer' => 'http://10.10.0.99:8365/admin/user/index.html',
  'user-agent' => 'Mozilla/5.0 (Windows NT 10.0; WOW64) AppleWebKit/537.36 (KHTML, like Gecko) Chrome/63.0.3239.132 Safari/537.36',
  'x-requested-with' => 'XMLHttpRequest',
  'accept' => '*/*',
  'connection' => 'keep-alive',
  'host' => '10.10.0.99:8365',
  'content-length' => '',
  'content-type' => '',
)
[ info ] [ PARAM ] array (
)
[ info ] [ SESSION ] INIT array (
  'id' => '',
  'var_session_id' => '',
  'prefix' => 'think',
  'type' => 'redis',
  'auto_start' => true,
)
[ info ] [ DB ] INIT mysql
[ info ] [ CACHE ] INIT File
[ info ] [ RUN ] app\admin\controller\Clear->cache[ E:\job\template360\application\admin\controller\Clear.php ]
[ info ] [ LOG ] INIT File
[ sql ] [ DB ] CONNECT:[ UseTime:0.010799s ] mysql:host=127.0.0.1;port=3306;dbname=template360;charset=utf8
[ sql ] [ SQL ] SHOW COLUMNS FROM `tpl_user` [ RunTime:0.002720s ]
[ sql ] [ SQL ] SELECT * FROM `tpl_user` WHERE  `id` = 1 LIMIT 1 [ RunTime:0.000893s ]
[ error ] [2]rmdir(E:\job\template360\runtime\cache\): Directory not empty[E:\job\template360\application\admin\controller\Clear.php:40]
---------------------------------------------------------------
[ 2018-08-10T17:35:49+08:00 ] 10.10.0.99 GET /admin/user/index.html
[ info ] 10.10.0.99:8365/admin/user/index.html [运行时间：0.263880s][吞吐率：3.79req/s] [内存消耗：3,246.59kb] [文件加载：63]
[ info ] [ LANG ] E:\job\template360\thinkphp\lang\zh-cn.php
[ info ] [ ROUTE ] array (
  'type' => 'module',
  'module' => 
  array (
    0 => 'admin',
    1 => 'user',
    2 => 'index',
  ),
)
[ info ] [ HEADER ] array (
  'cookie' => 'admin_username=admin; dataPage=218; pmaUser-1=%7B%22iv%22%3A%22cKorMxfMSMLnk1NJTlWrsQ%3D%3D%22%2C%22mac%22%3A%22c153b599d069714e68c335da62a44da1b80e6707%22%2C%22payload%22%3A%229Zxtl3AU92aubCni5Enkyw%3D%3D%22%7D; PHPSESSID=mj2bvbrh309irnaa9qhiis44k4',
  'accept-language' => 'zh-CN,zh;q=0.9',
  'accept-encoding' => 'gzip, deflate',
  'referer' => 'http://10.10.0.99:8365/admin/user/index.html',
  'accept' => 'text/html,application/xhtml+xml,application/xml;q=0.9,image/webp,image/apng,*/*;q=0.8',
  'user-agent' => 'Mozilla/5.0 (Windows NT 10.0; WOW64) AppleWebKit/537.36 (KHTML, like Gecko) Chrome/63.0.3239.132 Safari/537.36',
  'upgrade-insecure-requests' => '1',
  'connection' => 'keep-alive',
  'host' => '10.10.0.99:8365',
  'content-length' => '',
  'content-type' => '',
)
[ info ] [ PARAM ] array (
)
[ info ] [ SESSION ] INIT array (
  'id' => '',
  'var_session_id' => '',
  'prefix' => 'think',
  'type' => 'redis',
  'auto_start' => true,
)
[ info ] [ DB ] INIT mysql
[ info ] [ CACHE ] INIT File
[ info ] [ RUN ] app\admin\controller\User->index[ E:\job\template360\application\admin\controller\User.php ]
[ info ] [ VIEW ] E:\job\template360\public/../application/admin\view\user\index.php [ array (
  0 => 'user',
  1 => 'admin_menus',
  2 => 'list',
) ]
[ info ] [ LOG ] INIT File
[ sql ] [ DB ] CONNECT:[ UseTime:0.010664s ] mysql:host=127.0.0.1;port=3306;dbname=template360;charset=utf8
[ sql ] [ SQL ] SHOW COLUMNS FROM `tpl_user` [ RunTime:0.002173s ]
[ sql ] [ SQL ] SELECT * FROM `tpl_user` WHERE  `id` = 1 LIMIT 1 [ RunTime:0.001047s ]
[ sql ] [ SQL ] SHOW COLUMNS FROM `tpl_admin_menu` [ RunTime:0.002306s ]
[ sql ] [ SQL ] SELECT * FROM `tpl_admin_menu` WHERE  `parent_id` = 0  AND `status` = 1 ORDER BY `list_order` ASC [ RunTime:0.024266s ]
[ sql ] [ SQL ] SELECT * FROM `tpl_admin_menu` WHERE  `parent_id` = 6  AND `status` = 1 ORDER BY `list_order` ASC [ RunTime:0.003602s ]
[ sql ] [ SQL ] SELECT * FROM `tpl_admin_menu` WHERE  `parent_id` = 71  AND `status` = 1 ORDER BY `list_order` ASC [ RunTime:0.006011s ]
[ sql ] [ SQL ] SELECT * FROM `tpl_admin_menu` WHERE  `parent_id` = 15  AND `status` = 1 ORDER BY `list_order` ASC [ RunTime:0.002876s ]
[ sql ] [ SQL ] SELECT * FROM `tpl_admin_menu` WHERE  `parent_id` = 95  AND `status` = 1 ORDER BY `list_order` ASC [ RunTime:0.002640s ]
[ sql ] [ SQL ] SELECT * FROM `tpl_admin_menu` WHERE  `parent_id` = 29  AND `status` = 1 ORDER BY `list_order` ASC [ RunTime:0.004287s ]
[ sql ] [ SQL ] SELECT * FROM `tpl_admin_menu` WHERE  `parent_id` = 78  AND `status` = 1 ORDER BY `list_order` ASC [ RunTime:0.003627s ]
[ sql ] [ SQL ] SELECT * FROM `tpl_admin_menu` WHERE  `parent_id` = 7  AND `status` = 1 ORDER BY `list_order` ASC [ RunTime:0.002467s ]
[ sql ] [ SQL ] SELECT * FROM `tpl_admin_menu` WHERE  `parent_id` = 20  AND `status` = 1 ORDER BY `list_order` ASC [ RunTime:0.002411s ]
[ sql ] [ SQL ] SELECT * FROM `tpl_admin_menu` WHERE  `parent_id` = 21  AND `status` = 1 ORDER BY `list_order` ASC [ RunTime:0.000811s ]
[ sql ] [ SQL ] SELECT * FROM `tpl_admin_menu` WHERE  `parent_id` = 61  AND `status` = 1 ORDER BY `list_order` ASC [ RunTime:0.003155s ]
[ sql ] [ SQL ] SELECT * FROM `tpl_admin_menu` WHERE  `parent_id` = 75  AND `status` = 1 ORDER BY `list_order` ASC [ RunTime:0.000874s ]
[ sql ] [ SQL ] SELECT * FROM `tpl_admin_menu` WHERE  `parent_id` = 93  AND `status` = 1 ORDER BY `list_order` ASC [ RunTime:0.001108s ]
[ sql ] [ SQL ] SELECT * FROM `tpl_admin_menu` WHERE  `parent_id` = 158  AND `status` = 1 ORDER BY `list_order` ASC [ RunTime:0.003203s ]
[ sql ] [ SQL ] SELECT * FROM `tpl_admin_menu` WHERE  `parent_id` = 109  AND `status` = 1 ORDER BY `list_order` ASC [ RunTime:0.000953s ]
[ sql ] [ SQL ] SELECT * FROM `tpl_admin_menu` WHERE  `parent_id` = 49  AND `status` = 1 ORDER BY `list_order` ASC [ RunTime:0.000778s ]
[ sql ] [ SQL ] SELECT * FROM `tpl_admin_menu` WHERE  `parent_id` = 50  AND `status` = 1 ORDER BY `list_order` ASC [ RunTime:0.002797s ]
[ sql ] [ SQL ] SELECT * FROM `tpl_admin_menu` WHERE  `parent_id` = 110  AND `status` = 1 ORDER BY `list_order` ASC [ RunTime:0.002919s ]
[ sql ] [ SQL ] SELECT * FROM `tpl_admin_menu` WHERE  `parent_id` = 152  AND `status` = 1 ORDER BY `list_order` ASC [ RunTime:0.000810s ]
[ sql ] [ SQL ] SELECT * FROM `tpl_admin_menu` WHERE  `parent_id` = 153  AND `status` = 1 ORDER BY `list_order` ASC [ RunTime:0.000655s ]
[ sql ] [ SQL ] SELECT * FROM `tpl_admin_menu` WHERE  `parent_id` = 156  AND `status` = 1 ORDER BY `list_order` ASC [ RunTime:0.000634s ]
[ sql ] [ SQL ] SELECT * FROM `tpl_admin_menu` WHERE  `parent_id` = 1  AND `status` = 1 ORDER BY `list_order` ASC [ RunTime:0.000660s ]
[ sql ] [ SQL ] SELECT * FROM `tpl_admin_menu` WHERE  `parent_id` = 2  AND `status` = 1 ORDER BY `list_order` ASC [ RunTime:0.002553s ]
[ sql ] [ SQL ] SELECT * FROM `tpl_admin_menu` WHERE  `parent_id` = 42  AND `status` = 1 ORDER BY `list_order` ASC [ RunTime:0.002678s ]
[ sql ] [ SQL ] SELECT * FROM `tpl_admin_menu` WHERE  `parent_id` = 120  AND `status` = 1 ORDER BY `list_order` ASC [ RunTime:0.002762s ]
[ sql ] [ SQL ] SELECT * FROM `tpl_admin_menu` WHERE  `parent_id` = 121  AND `status` = 1 ORDER BY `list_order` ASC [ RunTime:0.003609s ]
[ sql ] [ SQL ] SELECT * FROM `tpl_admin_menu` WHERE  `parent_id` = 131  AND `status` = 1 ORDER BY `list_order` ASC [ RunTime:0.002851s ]
[ sql ] [ SQL ] SELECT * FROM `tpl_admin_menu` WHERE  `parent_id` = 139  AND `status` = 1 ORDER BY `list_order` ASC [ RunTime:0.002388s ]
[ sql ] [ SQL ] SELECT * FROM `tpl_admin_menu` WHERE  `parent_id` = 145  AND `status` = 1 ORDER BY `list_order` ASC [ RunTime:0.003083s ]
[ sql ] [ SQL ] SELECT * FROM `tpl_admin_menu` WHERE  `parent_id` = 162  AND `status` = 1 ORDER BY `list_order` ASC [ RunTime:0.000939s ]
[ sql ] [ SQL ] SELECT * FROM `tpl_user` ORDER BY `id` ASC [ RunTime:0.000736s ]
---------------------------------------------------------------
[ 2018-08-10T17:37:35+08:00 ] 10.10.0.101 GET /admin/user/index.html
[ info ] 10.10.0.99:8365/admin/user/index.html [运行时间：0.055136s][吞吐率：18.14req/s] [内存消耗：1,741.57kb] [文件加载：49]
[ info ] [ LANG ] E:\job\template360\thinkphp\lang\zh-cn.php
[ info ] [ ROUTE ] array (
  'type' => 'module',
  'module' => 
  array (
    0 => 'admin',
    1 => 'user',
    2 => 'index',
  ),
)
[ info ] [ HEADER ] array (
  'accept-language' => 'zh-CN,zh;q=0.9',
  'accept-encoding' => 'gzip, deflate',
  'accept' => 'text/html,application/xhtml+xml,application/xml;q=0.9,image/webp,image/apng,*/*;q=0.8',
  'user-agent' => 'Mozilla/5.0 (Windows NT 10.0; Win64; x64) AppleWebKit/537.36 (KHTML, like Gecko) Chrome/65.0.3325.162 Safari/537.36',
  'upgrade-insecure-requests' => '1',
  'connection' => 'keep-alive',
  'host' => '10.10.0.99:8365',
  'content-length' => '',
  'content-type' => '',
)
[ info ] [ PARAM ] array (
)
[ info ] [ SESSION ] INIT array (
  'id' => '',
  'var_session_id' => '',
  'prefix' => 'think',
  'type' => 'redis',
  'auto_start' => true,
)
[ info ] [ LOG ] INIT File
---------------------------------------------------------------
[ 2018-08-10T17:37:35+08:00 ] 10.10.0.101 GET /admin/login/index.html
[ info ] 10.10.0.99:8365/admin/login/index.html [运行时间：0.051518s][吞吐率：19.41req/s] [内存消耗：1,846.97kb] [文件加载：49]
[ info ] [ LANG ] E:\job\template360\thinkphp\lang\zh-cn.php
[ info ] [ ROUTE ] array (
  'type' => 'module',
  'module' => 
  array (
    0 => 'admin',
    1 => 'login',
    2 => 'index',
  ),
)
[ info ] [ HEADER ] array (
  'cookie' => 'PHPSESSID=8mtrd9t7hl7d62phd458d57pk7',
  'accept-language' => 'zh-CN,zh;q=0.9',
  'accept-encoding' => 'gzip, deflate',
  'accept' => 'text/html,application/xhtml+xml,application/xml;q=0.9,image/webp,image/apng,*/*;q=0.8',
  'user-agent' => 'Mozilla/5.0 (Windows NT 10.0; Win64; x64) AppleWebKit/537.36 (KHTML, like Gecko) Chrome/65.0.3325.162 Safari/537.36',
  'upgrade-insecure-requests' => '1',
  'connection' => 'keep-alive',
  'host' => '10.10.0.99:8365',
  'content-length' => '',
  'content-type' => '',
)
[ info ] [ PARAM ] array (
)
[ info ] [ RUN ] app\admin\controller\Login->index[ E:\job\template360\application\admin\controller\Login.php ]
[ info ] [ VIEW ] E:\job\template360\public/../application/admin\view\login\index.php [ array (
) ]
[ info ] [ SESSION ] INIT array (
  'id' => '',
  'var_session_id' => '',
  'prefix' => 'think',
  'type' => 'redis',
  'auto_start' => true,
)
[ info ] [ LOG ] INIT File
---------------------------------------------------------------
[ 2018-08-10T17:37:36+08:00 ] 10.10.0.101 GET /admin/login/verify.html
[ info ] 10.10.0.99:8365/admin/login/verify.html [运行时间：0.046584s][吞吐率：21.47req/s] [内存消耗：1,695.77kb] [文件加载：46]
[ info ] [ LANG ] E:\job\template360\thinkphp\lang\zh-cn.php
[ info ] [ ROUTE ] array (
  'type' => 'module',
  'module' => 
  array (
    0 => 'admin',
    1 => 'login',
    2 => 'verify',
  ),
)
[ info ] [ HEADER ] array (
  'cookie' => 'PHPSESSID=8mtrd9t7hl7d62phd458d57pk7',
  'accept-language' => 'zh-CN,zh;q=0.9',
  'accept-encoding' => 'gzip, deflate',
  'referer' => 'http://10.10.0.99:8365/admin/login/index.html',
  'accept' => 'image/webp,image/apng,image/*,*/*;q=0.8',
  'user-agent' => 'Mozilla/5.0 (Windows NT 10.0; Win64; x64) AppleWebKit/537.36 (KHTML, like Gecko) Chrome/65.0.3325.162 Safari/537.36',
  'connection' => 'keep-alive',
  'host' => '10.10.0.99:8365',
  'content-length' => '',
  'content-type' => '',
)
[ info ] [ PARAM ] array (
)
[ info ] [ RUN ] app\admin\controller\Login->verify[ E:\job\template360\application\admin\controller\Login.php ]
[ info ] [ SESSION ] INIT array (
  'id' => '',
  'var_session_id' => '',
  'prefix' => 'think',
  'type' => 'redis',
  'auto_start' => true,
)
[ info ] [ LOG ] INIT File
---------------------------------------------------------------
[ 2018-08-10T17:37:45+08:00 ] 10.10.0.101 GET /admin/login/verify.html?mt=0.5663033564732591
[ info ] 10.10.0.99:8365/admin/login/verify.html?mt=0.5663033564732591 [运行时间：0.073723s][吞吐率：13.56req/s] [内存消耗：1,696.06kb] [文件加载：46]
[ info ] [ LANG ] E:\job\template360\thinkphp\lang\zh-cn.php
[ info ] [ ROUTE ] array (
  'type' => 'module',
  'module' => 
  array (
    0 => 'admin',
    1 => 'login',
    2 => 'verify',
  ),
)
[ info ] [ HEADER ] array (
  'cookie' => 'PHPSESSID=8mtrd9t7hl7d62phd458d57pk7',
  'accept-language' => 'zh-CN,zh;q=0.9',
  'accept-encoding' => 'gzip, deflate',
  'referer' => 'http://10.10.0.99:8365/admin/login/index.html',
  'accept' => 'image/webp,image/apng,image/*,*/*;q=0.8',
  'user-agent' => 'Mozilla/5.0 (Windows NT 10.0; Win64; x64) AppleWebKit/537.36 (KHTML, like Gecko) Chrome/65.0.3325.162 Safari/537.36',
  'connection' => 'keep-alive',
  'host' => '10.10.0.99:8365',
  'content-length' => '',
  'content-type' => '',
)
[ info ] [ PARAM ] array (
  'mt' => '0.5663033564732591',
)
[ info ] [ RUN ] app\admin\controller\Login->verify[ E:\job\template360\application\admin\controller\Login.php ]
[ info ] [ SESSION ] INIT array (
  'id' => '',
  'var_session_id' => '',
  'prefix' => 'think',
  'type' => 'redis',
  'auto_start' => true,
)
[ info ] [ LOG ] INIT File
---------------------------------------------------------------
[ 2018-08-10T17:37:55+08:00 ] 10.10.0.101 POST /admin/login/dologin.html
[ info ] 10.10.0.99:8365/admin/login/dologin.html [运行时间：0.046879s][吞吐率：21.33req/s] [内存消耗：1,710.57kb] [文件加载：48]
[ info ] [ LANG ] E:\job\template360\thinkphp\lang\zh-cn.php
[ info ] [ ROUTE ] array (
  'type' => 'module',
  'module' => 
  array (
    0 => 'admin',
    1 => 'login',
    2 => 'dologin',
  ),
)
[ info ] [ HEADER ] array (
  'cookie' => 'PHPSESSID=8mtrd9t7hl7d62phd458d57pk7',
  'accept-language' => 'zh-CN,zh;q=0.9',
  'accept-encoding' => 'gzip, deflate',
  'referer' => 'http://10.10.0.99:8365/admin/login/index.html',
  'content-type' => 'application/x-www-form-urlencoded; charset=UTF-8',
  'user-agent' => 'Mozilla/5.0 (Windows NT 10.0; Win64; x64) AppleWebKit/537.36 (KHTML, like Gecko) Chrome/65.0.3325.162 Safari/537.36',
  'x-requested-with' => 'XMLHttpRequest',
  'origin' => 'http://10.10.0.99:8365',
  'accept' => '*/*',
  'content-length' => '90',
  'connection' => 'keep-alive',
  'host' => '10.10.0.99:8365',
)
[ info ] [ PARAM ] array (
  '__token__' => '7871ceb62b5112a3f95a22352300be76',
  'username' => 'admin',
  'password' => '123456',
  'verifycode' => '62ao9',
)
[ info ] [ RUN ] app\admin\controller\Login->dologin[ E:\job\template360\application\admin\controller\Login.php ]
[ info ] [ SESSION ] INIT array (
  'id' => '',
  'var_session_id' => '',
  'prefix' => 'think',
  'type' => 'redis',
  'auto_start' => true,
)
[ info ] [ LOG ] INIT File
---------------------------------------------------------------
[ 2018-08-10T17:37:57+08:00 ] 10.10.0.101 GET /admin/login/index.html
[ info ] 10.10.0.99:8365/admin/login/index.html [运行时间：0.064855s][吞吐率：15.42req/s] [内存消耗：1,703.09kb] [文件加载：47]
[ info ] [ LANG ] E:\job\template360\thinkphp\lang\zh-cn.php
[ info ] [ ROUTE ] array (
  'type' => 'module',
  'module' => 
  array (
    0 => 'admin',
    1 => 'login',
    2 => 'index',
  ),
)
[ info ] [ HEADER ] array (
  'cookie' => 'PHPSESSID=8mtrd9t7hl7d62phd458d57pk7',
  'accept-language' => 'zh-CN,zh;q=0.9',
  'accept-encoding' => 'gzip, deflate',
  'referer' => 'http://10.10.0.99:8365/admin/login/index.html',
  'accept' => 'text/html,application/xhtml+xml,application/xml;q=0.9,image/webp,image/apng,*/*;q=0.8',
  'user-agent' => 'Mozilla/5.0 (Windows NT 10.0; Win64; x64) AppleWebKit/537.36 (KHTML, like Gecko) Chrome/65.0.3325.162 Safari/537.36',
  'upgrade-insecure-requests' => '1',
  'cache-control' => 'max-age=0',
  'connection' => 'keep-alive',
  'host' => '10.10.0.99:8365',
  'content-length' => '',
  'content-type' => '',
)
[ info ] [ PARAM ] array (
)
[ info ] [ RUN ] app\admin\controller\Login->index[ E:\job\template360\application\admin\controller\Login.php ]
[ info ] [ VIEW ] E:\job\template360\public/../application/admin\view\login\index.php [ array (
) ]
[ info ] [ SESSION ] INIT array (
  'id' => '',
  'var_session_id' => '',
  'prefix' => 'think',
  'type' => 'redis',
  'auto_start' => true,
)
[ info ] [ LOG ] INIT File
---------------------------------------------------------------
[ 2018-08-10T17:37:57+08:00 ] 10.10.0.101 GET /admin/login/verify.html
[ info ] 10.10.0.99:8365/admin/login/verify.html [运行时间：0.036040s][吞吐率：27.75req/s] [内存消耗：1,695.77kb] [文件加载：46]
[ info ] [ LANG ] E:\job\template360\thinkphp\lang\zh-cn.php
[ info ] [ ROUTE ] array (
  'type' => 'module',
  'module' => 
  array (
    0 => 'admin',
    1 => 'login',
    2 => 'verify',
  ),
)
[ info ] [ HEADER ] array (
  'cookie' => 'PHPSESSID=8mtrd9t7hl7d62phd458d57pk7',
  'accept-language' => 'zh-CN,zh;q=0.9',
  'accept-encoding' => 'gzip, deflate',
  'referer' => 'http://10.10.0.99:8365/admin/login/index.html',
  'accept' => 'image/webp,image/apng,image/*,*/*;q=0.8',
  'user-agent' => 'Mozilla/5.0 (Windows NT 10.0; Win64; x64) AppleWebKit/537.36 (KHTML, like Gecko) Chrome/65.0.3325.162 Safari/537.36',
  'connection' => 'keep-alive',
  'host' => '10.10.0.99:8365',
  'content-length' => '',
  'content-type' => '',
)
[ info ] [ PARAM ] array (
)
[ info ] [ RUN ] app\admin\controller\Login->verify[ E:\job\template360\application\admin\controller\Login.php ]
[ info ] [ SESSION ] INIT array (
  'id' => '',
  'var_session_id' => '',
  'prefix' => 'think',
  'type' => 'redis',
  'auto_start' => true,
)
[ info ] [ LOG ] INIT File
---------------------------------------------------------------
[ 2018-08-10T17:37:59+08:00 ] 10.10.0.101 GET /admin/login/verify.html?mt=0.45249795997669917
[ info ] 10.10.0.99:8365/admin/login/verify.html?mt=0.45249795997669917 [运行时间：0.066393s][吞吐率：15.06req/s] [内存消耗：1,696.05kb] [文件加载：46]
[ info ] [ LANG ] E:\job\template360\thinkphp\lang\zh-cn.php
[ info ] [ ROUTE ] array (
  'type' => 'module',
  'module' => 
  array (
    0 => 'admin',
    1 => 'login',
    2 => 'verify',
  ),
)
[ info ] [ HEADER ] array (
  'cookie' => 'PHPSESSID=8mtrd9t7hl7d62phd458d57pk7',
  'accept-language' => 'zh-CN,zh;q=0.9',
  'accept-encoding' => 'gzip, deflate',
  'referer' => 'http://10.10.0.99:8365/admin/login/index.html',
  'accept' => 'image/webp,image/apng,image/*,*/*;q=0.8',
  'user-agent' => 'Mozilla/5.0 (Windows NT 10.0; Win64; x64) AppleWebKit/537.36 (KHTML, like Gecko) Chrome/65.0.3325.162 Safari/537.36',
  'connection' => 'keep-alive',
  'host' => '10.10.0.99:8365',
  'content-length' => '',
  'content-type' => '',
)
[ info ] [ PARAM ] array (
  'mt' => '0.45249795997669917',
)
[ info ] [ RUN ] app\admin\controller\Login->verify[ E:\job\template360\application\admin\controller\Login.php ]
[ info ] [ SESSION ] INIT array (
  'id' => '',
  'var_session_id' => '',
  'prefix' => 'think',
  'type' => 'redis',
  'auto_start' => true,
)
[ info ] [ LOG ] INIT File
---------------------------------------------------------------
[ 2018-08-10T17:38:14+08:00 ] 10.10.0.101 POST /admin/login/dologin.html
[ info ] 10.10.0.99:8365/admin/login/dologin.html [运行时间：0.150383s][吞吐率：6.65req/s] [内存消耗：2,991.48kb] [文件加载：61]
[ info ] [ LANG ] E:\job\template360\thinkphp\lang\zh-cn.php
[ info ] [ ROUTE ] array (
  'type' => 'module',
  'module' => 
  array (
    0 => 'admin',
    1 => 'login',
    2 => 'dologin',
  ),
)
[ info ] [ HEADER ] array (
  'cookie' => 'PHPSESSID=8mtrd9t7hl7d62phd458d57pk7',
  'accept-language' => 'zh-CN,zh;q=0.9',
  'accept-encoding' => 'gzip, deflate',
  'referer' => 'http://10.10.0.99:8365/admin/login/index.html',
  'content-type' => 'application/x-www-form-urlencoded; charset=UTF-8',
  'user-agent' => 'Mozilla/5.0 (Windows NT 10.0; Win64; x64) AppleWebKit/537.36 (KHTML, like Gecko) Chrome/65.0.3325.162 Safari/537.36',
  'x-requested-with' => 'XMLHttpRequest',
  'origin' => 'http://10.10.0.99:8365',
  'accept' => '*/*',
  'content-length' => '90',
  'connection' => 'keep-alive',
  'host' => '10.10.0.99:8365',
)
[ info ] [ PARAM ] array (
  '__token__' => '69e7b7e2113395dc6014e100a7388071',
  'username' => 'admin',
  'password' => '123456',
  'verifycode' => 'bcb47',
)
[ info ] [ RUN ] app\admin\controller\Login->dologin[ E:\job\template360\application\admin\controller\Login.php ]
[ info ] [ SESSION ] INIT array (
  'id' => '',
  'var_session_id' => '',
  'prefix' => 'think',
  'type' => 'redis',
  'auto_start' => true,
)
[ info ] [ DB ] INIT mysql
[ info ] [ CACHE ] INIT File
[ info ] [ LOG ] INIT File
[ sql ] [ DB ] CONNECT:[ UseTime:0.001401s ] mysql:host=127.0.0.1;port=3306;dbname=template360;charset=utf8
[ sql ] [ SQL ] SHOW COLUMNS FROM `tpl_user` [ RunTime:0.002259s ]
[ sql ] [ SQL ] SELECT * FROM `tpl_user` WHERE  `username` = 'admin' LIMIT 1 [ RunTime:0.000895s ]
[ sql ] [ SQL ] UPDATE `tpl_user`  SET `last_login_time`=1533893894,`last_login_ip`='10.10.0.101'  WHERE  `id` = 1 [ RunTime:0.061598s ]
---------------------------------------------------------------
[ 2018-08-10T17:38:16+08:00 ] 10.10.0.101 GET /admin/index/index.html
[ info ] 10.10.0.99:8365/admin/index/index.html [运行时间：0.141936s][吞吐率：7.05req/s] [内存消耗：3,109.22kb] [文件加载：62]
[ info ] [ LANG ] E:\job\template360\thinkphp\lang\zh-cn.php
[ info ] [ ROUTE ] array (
  'type' => 'module',
  'module' => 
  array (
    0 => 'admin',
    1 => 'index',
    2 => 'index',
  ),
)
[ info ] [ HEADER ] array (
  'cookie' => 'PHPSESSID=8mtrd9t7hl7d62phd458d57pk7',
  'accept-language' => 'zh-CN,zh;q=0.9',
  'accept-encoding' => 'gzip, deflate',
  'referer' => 'http://10.10.0.99:8365/admin/login/index.html',
  'accept' => 'text/html,application/xhtml+xml,application/xml;q=0.9,image/webp,image/apng,*/*;q=0.8',
  'user-agent' => 'Mozilla/5.0 (Windows NT 10.0; Win64; x64) AppleWebKit/537.36 (KHTML, like Gecko) Chrome/65.0.3325.162 Safari/537.36',
  'upgrade-insecure-requests' => '1',
  'connection' => 'keep-alive',
  'host' => '10.10.0.99:8365',
  'content-length' => '',
  'content-type' => '',
)
[ info ] [ PARAM ] array (
)
[ info ] [ SESSION ] INIT array (
  'id' => '',
  'var_session_id' => '',
  'prefix' => 'think',
  'type' => 'redis',
  'auto_start' => true,
)
[ info ] [ DB ] INIT mysql
[ info ] [ CACHE ] INIT File
[ info ] [ RUN ] app\admin\controller\Index->index[ E:\job\template360\application\admin\controller\Index.php ]
[ info ] [ VIEW ] E:\job\template360\public/../application/admin\view\index\index.php [ array (
  0 => 'user',
  1 => 'admin_menus',
) ]
[ info ] [ LOG ] INIT File
[ sql ] [ DB ] CONNECT:[ UseTime:0.010160s ] mysql:host=127.0.0.1;port=3306;dbname=template360;charset=utf8
[ sql ] [ SQL ] SHOW COLUMNS FROM `tpl_user` [ RunTime:0.002083s ]
[ sql ] [ SQL ] SELECT * FROM `tpl_user` WHERE  `id` = 1 LIMIT 1 [ RunTime:0.000755s ]
---------------------------------------------------------------
[ 2018-08-10T17:38:19+08:00 ] 10.10.0.101 GET /admin/setting/site.html
[ info ] 10.10.0.99:8365/admin/setting/site.html [运行时间：0.062931s][吞吐率：15.89req/s] [内存消耗：1,363.50kb] [文件加载：41]
[ info ] [ LANG ] E:\job\template360\thinkphp\lang\zh-cn.php
[ info ] [ ROUTE ] array (
  'type' => 'module',
  'module' => 
  array (
    0 => 'admin',
    1 => 'setting',
    2 => 'site',
  ),
)
[ info ] [ HEADER ] array (
  'cookie' => 'PHPSESSID=8mtrd9t7hl7d62phd458d57pk7',
  'accept-language' => 'zh-CN,zh;q=0.9',
  'accept-encoding' => 'gzip, deflate',
  'referer' => 'http://10.10.0.99:8365/admin/index/index.html',
  'accept' => 'text/html,application/xhtml+xml,application/xml;q=0.9,image/webp,image/apng,*/*;q=0.8',
  'user-agent' => 'Mozilla/5.0 (Windows NT 10.0; Win64; x64) AppleWebKit/537.36 (KHTML, like Gecko) Chrome/65.0.3325.162 Safari/537.36',
  'upgrade-insecure-requests' => '1',
  'connection' => 'keep-alive',
  'host' => '10.10.0.99:8365',
  'content-length' => '',
  'content-type' => '',
)
[ info ] [ PARAM ] array (
)
[ info ] [ LOG ] INIT File
---------------------------------------------------------------
[ 2018-08-10T17:38:22+08:00 ] 10.10.0.101 GET /admin/index/index.html
[ info ] 10.10.0.99:8365/admin/index/index.html [运行时间：0.059645s][吞吐率：16.77req/s] [内存消耗：2,957.01kb] [文件加载：60]
[ info ] [ LANG ] E:\job\template360\thinkphp\lang\zh-cn.php
[ info ] [ ROUTE ] array (
  'type' => 'module',
  'module' => 
  array (
    0 => 'admin',
    1 => 'index',
    2 => 'index',
  ),
)
[ info ] [ HEADER ] array (
  'cookie' => 'PHPSESSID=8mtrd9t7hl7d62phd458d57pk7',
  'accept-language' => 'zh-CN,zh;q=0.9',
  'accept-encoding' => 'gzip, deflate',
  'referer' => 'http://10.10.0.99:8365/admin/login/index.html',
  'accept' => 'text/html,application/xhtml+xml,application/xml;q=0.9,image/webp,image/apng,*/*;q=0.8',
  'user-agent' => 'Mozilla/5.0 (Windows NT 10.0; Win64; x64) AppleWebKit/537.36 (KHTML, like Gecko) Chrome/65.0.3325.162 Safari/537.36',
  'upgrade-insecure-requests' => '1',
  'connection' => 'keep-alive',
  'host' => '10.10.0.99:8365',
  'content-length' => '',
  'content-type' => '',
)
[ info ] [ PARAM ] array (
)
[ info ] [ SESSION ] INIT array (
  'id' => '',
  'var_session_id' => '',
  'prefix' => 'think',
  'type' => 'redis',
  'auto_start' => true,
)
[ info ] [ DB ] INIT mysql
[ info ] [ CACHE ] INIT File
[ info ] [ RUN ] app\admin\controller\Index->index[ E:\job\template360\application\admin\controller\Index.php ]
[ info ] [ VIEW ] E:\job\template360\public/../application/admin\view\index\index.php [ array (
  0 => 'user',
  1 => 'admin_menus',
) ]
[ info ] [ LOG ] INIT File
[ sql ] [ DB ] CONNECT:[ UseTime:0.001427s ] mysql:host=127.0.0.1;port=3306;dbname=template360;charset=utf8
[ sql ] [ SQL ] SHOW COLUMNS FROM `tpl_user` [ RunTime:0.003213s ]
[ sql ] [ SQL ] SELECT * FROM `tpl_user` WHERE  `id` = 1 LIMIT 1 [ RunTime:0.000962s ]
---------------------------------------------------------------
[ 2018-08-10T17:38:24+08:00 ] 10.10.0.101 GET /admin/mailer/index.html
[ info ] 10.10.0.99:8365/admin/mailer/index.html [运行时间：0.058724s][吞吐率：17.03req/s] [内存消耗：1,363.45kb] [文件加载：41]
[ info ] [ LANG ] E:\job\template360\thinkphp\lang\zh-cn.php
[ info ] [ ROUTE ] array (
  'type' => 'module',
  'module' => 
  array (
    0 => 'admin',
    1 => 'mailer',
    2 => 'index',
  ),
)
[ info ] [ HEADER ] array (
  'cookie' => 'PHPSESSID=8mtrd9t7hl7d62phd458d57pk7',
  'accept-language' => 'zh-CN,zh;q=0.9',
  'accept-encoding' => 'gzip, deflate',
  'referer' => 'http://10.10.0.99:8365/admin/index/index.html',
  'accept' => 'text/html,application/xhtml+xml,application/xml;q=0.9,image/webp,image/apng,*/*;q=0.8',
  'user-agent' => 'Mozilla/5.0 (Windows NT 10.0; Win64; x64) AppleWebKit/537.36 (KHTML, like Gecko) Chrome/65.0.3325.162 Safari/537.36',
  'upgrade-insecure-requests' => '1',
  'connection' => 'keep-alive',
  'host' => '10.10.0.99:8365',
  'content-length' => '',
  'content-type' => '',
)
[ info ] [ PARAM ] array (
)
[ info ] [ LOG ] INIT File
---------------------------------------------------------------
[ 2018-08-10T17:38:26+08:00 ] 10.10.0.101 GET /admin/index/index.html
[ info ] 10.10.0.99:8365/admin/index/index.html [运行时间：0.074954s][吞吐率：13.34req/s] [内存消耗：2,957.01kb] [文件加载：60]
[ info ] [ LANG ] E:\job\template360\thinkphp\lang\zh-cn.php
[ info ] [ ROUTE ] array (
  'type' => 'module',
  'module' => 
  array (
    0 => 'admin',
    1 => 'index',
    2 => 'index',
  ),
)
[ info ] [ HEADER ] array (
  'cookie' => 'PHPSESSID=8mtrd9t7hl7d62phd458d57pk7',
  'accept-language' => 'zh-CN,zh;q=0.9',
  'accept-encoding' => 'gzip, deflate',
  'referer' => 'http://10.10.0.99:8365/admin/setting/site.html',
  'accept' => 'text/html,application/xhtml+xml,application/xml;q=0.9,image/webp,image/apng,*/*;q=0.8',
  'user-agent' => 'Mozilla/5.0 (Windows NT 10.0; Win64; x64) AppleWebKit/537.36 (KHTML, like Gecko) Chrome/65.0.3325.162 Safari/537.36',
  'upgrade-insecure-requests' => '1',
  'connection' => 'keep-alive',
  'host' => '10.10.0.99:8365',
  'content-length' => '',
  'content-type' => '',
)
[ info ] [ PARAM ] array (
)
[ info ] [ SESSION ] INIT array (
  'id' => '',
  'var_session_id' => '',
  'prefix' => 'think',
  'type' => 'redis',
  'auto_start' => true,
)
[ info ] [ DB ] INIT mysql
[ info ] [ CACHE ] INIT File
[ info ] [ RUN ] app\admin\controller\Index->index[ E:\job\template360\application\admin\controller\Index.php ]
[ info ] [ VIEW ] E:\job\template360\public/../application/admin\view\index\index.php [ array (
  0 => 'user',
  1 => 'admin_menus',
) ]
[ info ] [ LOG ] INIT File
[ sql ] [ DB ] CONNECT:[ UseTime:0.001363s ] mysql:host=127.0.0.1;port=3306;dbname=template360;charset=utf8
[ sql ] [ SQL ] SHOW COLUMNS FROM `tpl_user` [ RunTime:0.001132s ]
[ sql ] [ SQL ] SELECT * FROM `tpl_user` WHERE  `id` = 1 LIMIT 1 [ RunTime:0.000697s ]
---------------------------------------------------------------
[ 2018-08-10T17:38:27+08:00 ] 10.10.0.101 GET /admin/theme/index.html
[ info ] 10.10.0.99:8365/admin/theme/index.html [运行时间：0.035750s][吞吐率：27.97req/s] [内存消耗：1,363.37kb] [文件加载：41]
[ info ] [ LANG ] E:\job\template360\thinkphp\lang\zh-cn.php
[ info ] [ ROUTE ] array (
  'type' => 'module',
  'module' => 
  array (
    0 => 'admin',
    1 => 'theme',
    2 => 'index',
  ),
)
[ info ] [ HEADER ] array (
  'cookie' => 'PHPSESSID=8mtrd9t7hl7d62phd458d57pk7',
  'accept-language' => 'zh-CN,zh;q=0.9',
  'accept-encoding' => 'gzip, deflate',
  'referer' => 'http://10.10.0.99:8365/admin/index/index.html',
  'accept' => 'text/html,application/xhtml+xml,application/xml;q=0.9,image/webp,image/apng,*/*;q=0.8',
  'user-agent' => 'Mozilla/5.0 (Windows NT 10.0; Win64; x64) AppleWebKit/537.36 (KHTML, like Gecko) Chrome/65.0.3325.162 Safari/537.36',
  'upgrade-insecure-requests' => '1',
  'connection' => 'keep-alive',
  'host' => '10.10.0.99:8365',
  'content-length' => '',
  'content-type' => '',
)
[ info ] [ PARAM ] array (
)
[ info ] [ LOG ] INIT File
---------------------------------------------------------------
[ 2018-08-10T17:38:29+08:00 ] 10.10.0.101 GET /admin/index/index.html
[ info ] 10.10.0.99:8365/admin/index/index.html [运行时间：0.065096s][吞吐率：15.36req/s] [内存消耗：2,957.01kb] [文件加载：60]
[ info ] [ LANG ] E:\job\template360\thinkphp\lang\zh-cn.php
[ info ] [ ROUTE ] array (
  'type' => 'module',
  'module' => 
  array (
    0 => 'admin',
    1 => 'index',
    2 => 'index',
  ),
)
[ info ] [ HEADER ] array (
  'cookie' => 'PHPSESSID=8mtrd9t7hl7d62phd458d57pk7',
  'accept-language' => 'zh-CN,zh;q=0.9',
  'accept-encoding' => 'gzip, deflate',
  'referer' => 'http://10.10.0.99:8365/admin/mailer/index.html',
  'accept' => 'text/html,application/xhtml+xml,application/xml;q=0.9,image/webp,image/apng,*/*;q=0.8',
  'user-agent' => 'Mozilla/5.0 (Windows NT 10.0; Win64; x64) AppleWebKit/537.36 (KHTML, like Gecko) Chrome/65.0.3325.162 Safari/537.36',
  'upgrade-insecure-requests' => '1',
  'connection' => 'keep-alive',
  'host' => '10.10.0.99:8365',
  'content-length' => '',
  'content-type' => '',
)
[ info ] [ PARAM ] array (
)
[ info ] [ SESSION ] INIT array (
  'id' => '',
  'var_session_id' => '',
  'prefix' => 'think',
  'type' => 'redis',
  'auto_start' => true,
)
[ info ] [ DB ] INIT mysql
[ info ] [ CACHE ] INIT File
[ info ] [ RUN ] app\admin\controller\Index->index[ E:\job\template360\application\admin\controller\Index.php ]
[ info ] [ VIEW ] E:\job\template360\public/../application/admin\view\index\index.php [ array (
  0 => 'user',
  1 => 'admin_menus',
) ]
[ info ] [ LOG ] INIT File
[ sql ] [ DB ] CONNECT:[ UseTime:0.001471s ] mysql:host=127.0.0.1;port=3306;dbname=template360;charset=utf8
[ sql ] [ SQL ] SHOW COLUMNS FROM `tpl_user` [ RunTime:0.001195s ]
[ sql ] [ SQL ] SELECT * FROM `tpl_user` WHERE  `id` = 1 LIMIT 1 [ RunTime:0.000679s ]
---------------------------------------------------------------
[ 2018-08-10T17:38:30+08:00 ] 10.10.0.101 GET /admin/nav/index.html
[ info ] 10.10.0.99:8365/admin/nav/index.html [运行时间：0.041121s][吞吐率：24.32req/s] [内存消耗：1,363.39kb] [文件加载：41]
[ info ] [ LANG ] E:\job\template360\thinkphp\lang\zh-cn.php
[ info ] [ ROUTE ] array (
  'type' => 'module',
  'module' => 
  array (
    0 => 'admin',
    1 => 'nav',
    2 => 'index',
  ),
)
[ info ] [ HEADER ] array (
  'cookie' => 'PHPSESSID=8mtrd9t7hl7d62phd458d57pk7',
  'accept-language' => 'zh-CN,zh;q=0.9',
  'accept-encoding' => 'gzip, deflate',
  'referer' => 'http://10.10.0.99:8365/admin/index/index.html',
  'accept' => 'text/html,application/xhtml+xml,application/xml;q=0.9,image/webp,image/apng,*/*;q=0.8',
  'user-agent' => 'Mozilla/5.0 (Windows NT 10.0; Win64; x64) AppleWebKit/537.36 (KHTML, like Gecko) Chrome/65.0.3325.162 Safari/537.36',
  'upgrade-insecure-requests' => '1',
  'connection' => 'keep-alive',
  'host' => '10.10.0.99:8365',
  'content-length' => '',
  'content-type' => '',
)
[ info ] [ PARAM ] array (
)
[ info ] [ LOG ] INIT File
---------------------------------------------------------------
[ 2018-08-10T17:38:33+08:00 ] 10.10.0.101 GET /admin/index/index.html
[ info ] 10.10.0.99:8365/admin/index/index.html [运行时间：0.073366s][吞吐率：13.63req/s] [内存消耗：2,957.01kb] [文件加载：60]
[ info ] [ LANG ] E:\job\template360\thinkphp\lang\zh-cn.php
[ info ] [ ROUTE ] array (
  'type' => 'module',
  'module' => 
  array (
    0 => 'admin',
    1 => 'index',
    2 => 'index',
  ),
)
[ info ] [ HEADER ] array (
  'cookie' => 'PHPSESSID=8mtrd9t7hl7d62phd458d57pk7',
  'accept-language' => 'zh-CN,zh;q=0.9',
  'accept-encoding' => 'gzip, deflate',
  'referer' => 'http://10.10.0.99:8365/admin/theme/index.html',
  'accept' => 'text/html,application/xhtml+xml,application/xml;q=0.9,image/webp,image/apng,*/*;q=0.8',
  'user-agent' => 'Mozilla/5.0 (Windows NT 10.0; Win64; x64) AppleWebKit/537.36 (KHTML, like Gecko) Chrome/65.0.3325.162 Safari/537.36',
  'upgrade-insecure-requests' => '1',
  'connection' => 'keep-alive',
  'host' => '10.10.0.99:8365',
  'content-length' => '',
  'content-type' => '',
)
[ info ] [ PARAM ] array (
)
[ info ] [ SESSION ] INIT array (
  'id' => '',
  'var_session_id' => '',
  'prefix' => 'think',
  'type' => 'redis',
  'auto_start' => true,
)
[ info ] [ DB ] INIT mysql
[ info ] [ CACHE ] INIT File
[ info ] [ RUN ] app\admin\controller\Index->index[ E:\job\template360\application\admin\controller\Index.php ]
[ info ] [ VIEW ] E:\job\template360\public/../application/admin\view\index\index.php [ array (
  0 => 'user',
  1 => 'admin_menus',
) ]
[ info ] [ LOG ] INIT File
[ sql ] [ DB ] CONNECT:[ UseTime:0.001327s ] mysql:host=127.0.0.1;port=3306;dbname=template360;charset=utf8
[ sql ] [ SQL ] SHOW COLUMNS FROM `tpl_user` [ RunTime:0.001401s ]
[ sql ] [ SQL ] SELECT * FROM `tpl_user` WHERE  `id` = 1 LIMIT 1 [ RunTime:0.001091s ]
---------------------------------------------------------------
[ 2018-08-10T17:38:38+08:00 ] 10.10.0.101 GET /admin/link/index.html
[ info ] 10.10.0.99:8365/admin/link/index.html [运行时间：0.036950s][吞吐率：27.06req/s] [内存消耗：1,363.33kb] [文件加载：41]
[ info ] [ LANG ] E:\job\template360\thinkphp\lang\zh-cn.php
[ info ] [ ROUTE ] array (
  'type' => 'module',
  'module' => 
  array (
    0 => 'admin',
    1 => 'link',
    2 => 'index',
  ),
)
[ info ] [ HEADER ] array (
  'cookie' => 'PHPSESSID=8mtrd9t7hl7d62phd458d57pk7',
  'accept-language' => 'zh-CN,zh;q=0.9',
  'accept-encoding' => 'gzip, deflate',
  'referer' => 'http://10.10.0.99:8365/admin/index/index.html',
  'accept' => 'text/html,application/xhtml+xml,application/xml;q=0.9,image/webp,image/apng,*/*;q=0.8',
  'user-agent' => 'Mozilla/5.0 (Windows NT 10.0; Win64; x64) AppleWebKit/537.36 (KHTML, like Gecko) Chrome/65.0.3325.162 Safari/537.36',
  'upgrade-insecure-requests' => '1',
  'connection' => 'keep-alive',
  'host' => '10.10.0.99:8365',
  'content-length' => '',
  'content-type' => '',
)
[ info ] [ PARAM ] array (
)
[ info ] [ LOG ] INIT File
---------------------------------------------------------------
[ 2018-08-10T17:38:40+08:00 ] 10.10.0.101 GET /admin/index/index.html
[ info ] 10.10.0.99:8365/admin/index/index.html [运行时间：0.067481s][吞吐率：14.82req/s] [内存消耗：2,957.12kb] [文件加载：60]
[ info ] [ LANG ] E:\job\template360\thinkphp\lang\zh-cn.php
[ info ] [ ROUTE ] array (
  'type' => 'module',
  'module' => 
  array (
    0 => 'admin',
    1 => 'index',
    2 => 'index',
  ),
)
[ info ] [ HEADER ] array (
  'cookie' => 'PHPSESSID=8mtrd9t7hl7d62phd458d57pk7',
  'accept-language' => 'zh-CN,zh;q=0.9',
  'accept-encoding' => 'gzip, deflate',
  'referer' => 'http://10.10.0.99:8365/admin/nav/index.html',
  'accept' => 'text/html,application/xhtml+xml,application/xml;q=0.9,image/webp,image/apng,*/*;q=0.8',
  'user-agent' => 'Mozilla/5.0 (Windows NT 10.0; Win64; x64) AppleWebKit/537.36 (KHTML, like Gecko) Chrome/65.0.3325.162 Safari/537.36',
  'upgrade-insecure-requests' => '1',
  'connection' => 'keep-alive',
  'host' => '10.10.0.99:8365',
  'content-length' => '',
  'content-type' => '',
)
[ info ] [ PARAM ] array (
)
[ info ] [ SESSION ] INIT array (
  'id' => '',
  'var_session_id' => '',
  'prefix' => 'think',
  'type' => 'redis',
  'auto_start' => true,
)
[ info ] [ DB ] INIT mysql
[ info ] [ CACHE ] INIT File
[ info ] [ RUN ] app\admin\controller\Index->index[ E:\job\template360\application\admin\controller\Index.php ]
[ info ] [ VIEW ] E:\job\template360\public/../application/admin\view\index\index.php [ array (
  0 => 'user',
  1 => 'admin_menus',
) ]
[ info ] [ LOG ] INIT File
[ sql ] [ DB ] CONNECT:[ UseTime:0.010372s ] mysql:host=127.0.0.1;port=3306;dbname=template360;charset=utf8
[ sql ] [ SQL ] SHOW COLUMNS FROM `tpl_user` [ RunTime:0.001066s ]
[ sql ] [ SQL ] SELECT * FROM `tpl_user` WHERE  `id` = 1 LIMIT 1 [ RunTime:0.000602s ]
---------------------------------------------------------------
[ 2018-08-10T17:38:45+08:00 ] 10.10.0.101 GET /admin/setting/upload.html
[ info ] 10.10.0.99:8365/admin/setting/upload.html [运行时间：0.036398s][吞吐率：27.47req/s] [内存消耗：1,363.50kb] [文件加载：41]
[ info ] [ LANG ] E:\job\template360\thinkphp\lang\zh-cn.php
[ info ] [ ROUTE ] array (
  'type' => 'module',
  'module' => 
  array (
    0 => 'admin',
    1 => 'setting',
    2 => 'upload',
  ),
)
[ info ] [ HEADER ] array (
  'cookie' => 'PHPSESSID=8mtrd9t7hl7d62phd458d57pk7',
  'accept-language' => 'zh-CN,zh;q=0.9',
  'accept-encoding' => 'gzip, deflate',
  'referer' => 'http://10.10.0.99:8365/admin/index/index.html',
  'accept' => 'text/html,application/xhtml+xml,application/xml;q=0.9,image/webp,image/apng,*/*;q=0.8',
  'user-agent' => 'Mozilla/5.0 (Windows NT 10.0; Win64; x64) AppleWebKit/537.36 (KHTML, like Gecko) Chrome/65.0.3325.162 Safari/537.36',
  'upgrade-insecure-requests' => '1',
  'connection' => 'keep-alive',
  'host' => '10.10.0.99:8365',
  'content-length' => '',
  'content-type' => '',
)
[ info ] [ PARAM ] array (
)
[ info ] [ LOG ] INIT File
---------------------------------------------------------------
[ 2018-08-10T17:38:46+08:00 ] 10.10.0.101 GET /admin/index/index.html
[ info ] 10.10.0.99:8365/admin/index/index.html [运行时间：0.079942s][吞吐率：12.51req/s] [内存消耗：2,957.01kb] [文件加载：60]
[ info ] [ LANG ] E:\job\template360\thinkphp\lang\zh-cn.php
[ info ] [ ROUTE ] array (
  'type' => 'module',
  'module' => 
  array (
    0 => 'admin',
    1 => 'index',
    2 => 'index',
  ),
)
[ info ] [ HEADER ] array (
  'cookie' => 'PHPSESSID=8mtrd9t7hl7d62phd458d57pk7',
  'accept-language' => 'zh-CN,zh;q=0.9',
  'accept-encoding' => 'gzip, deflate',
  'referer' => 'http://10.10.0.99:8365/admin/link/index.html',
  'accept' => 'text/html,application/xhtml+xml,application/xml;q=0.9,image/webp,image/apng,*/*;q=0.8',
  'user-agent' => 'Mozilla/5.0 (Windows NT 10.0; Win64; x64) AppleWebKit/537.36 (KHTML, like Gecko) Chrome/65.0.3325.162 Safari/537.36',
  'upgrade-insecure-requests' => '1',
  'connection' => 'keep-alive',
  'host' => '10.10.0.99:8365',
  'content-length' => '',
  'content-type' => '',
)
[ info ] [ PARAM ] array (
)
[ info ] [ SESSION ] INIT array (
  'id' => '',
  'var_session_id' => '',
  'prefix' => 'think',
  'type' => 'redis',
  'auto_start' => true,
)
[ info ] [ DB ] INIT mysql
[ info ] [ CACHE ] INIT File
[ info ] [ RUN ] app\admin\controller\Index->index[ E:\job\template360\application\admin\controller\Index.php ]
[ info ] [ VIEW ] E:\job\template360\public/../application/admin\view\index\index.php [ array (
  0 => 'user',
  1 => 'admin_menus',
) ]
[ info ] [ LOG ] INIT File
[ sql ] [ DB ] CONNECT:[ UseTime:0.001616s ] mysql:host=127.0.0.1;port=3306;dbname=template360;charset=utf8
[ sql ] [ SQL ] SHOW COLUMNS FROM `tpl_user` [ RunTime:0.002020s ]
[ sql ] [ SQL ] SELECT * FROM `tpl_user` WHERE  `id` = 1 LIMIT 1 [ RunTime:0.001632s ]
---------------------------------------------------------------
[ 2018-08-10T17:38:49+08:00 ] 10.10.0.101 GET /user/admin_user_action/index.html
[ info ] 10.10.0.99:8365/user/admin_user_action/index.html [运行时间：0.040958s][吞吐率：24.42req/s] [内存消耗：1,349.03kb] [文件加载：38]
[ info ] [ LANG ] E:\job\template360\thinkphp\lang\zh-cn.php
[ info ] [ ROUTE ] array (
  'type' => 'module',
  'module' => 
  array (
    0 => 'user',
    1 => 'admin_user_action',
    2 => 'index',
  ),
)
[ info ] [ HEADER ] array (
  'cookie' => 'PHPSESSID=8mtrd9t7hl7d62phd458d57pk7',
  'accept-language' => 'zh-CN,zh;q=0.9',
  'accept-encoding' => 'gzip, deflate',
  'referer' => 'http://10.10.0.99:8365/admin/index/index.html',
  'accept' => 'text/html,application/xhtml+xml,application/xml;q=0.9,image/webp,image/apng,*/*;q=0.8',
  'user-agent' => 'Mozilla/5.0 (Windows NT 10.0; Win64; x64) AppleWebKit/537.36 (KHTML, like Gecko) Chrome/65.0.3325.162 Safari/537.36',
  'upgrade-insecure-requests' => '1',
  'connection' => 'keep-alive',
  'host' => '10.10.0.99:8365',
  'content-length' => '',
  'content-type' => '',
)
[ info ] [ PARAM ] array (
)
[ info ] [ LOG ] INIT File
---------------------------------------------------------------
[ 2018-08-10T17:38:51+08:00 ] 10.10.0.101 GET /admin/index/index.html
[ info ] 10.10.0.99:8365/admin/index/index.html [运行时间：0.081856s][吞吐率：12.22req/s] [内存消耗：2,956.99kb] [文件加载：60]
[ info ] [ LANG ] E:\job\template360\thinkphp\lang\zh-cn.php
[ info ] [ ROUTE ] array (
  'type' => 'module',
  'module' => 
  array (
    0 => 'admin',
    1 => 'index',
    2 => 'index',
  ),
)
[ info ] [ HEADER ] array (
  'cookie' => 'PHPSESSID=8mtrd9t7hl7d62phd458d57pk7',
  'accept-language' => 'zh-CN,zh;q=0.9',
  'accept-encoding' => 'gzip, deflate',
  'referer' => 'http://10.10.0.99:8365/admin/setting/upload.html',
  'accept' => 'text/html,application/xhtml+xml,application/xml;q=0.9,image/webp,image/apng,*/*;q=0.8',
  'user-agent' => 'Mozilla/5.0 (Windows NT 10.0; Win64; x64) AppleWebKit/537.36 (KHTML, like Gecko) Chrome/65.0.3325.162 Safari/537.36',
  'upgrade-insecure-requests' => '1',
  'connection' => 'keep-alive',
  'host' => '10.10.0.99:8365',
  'content-length' => '',
  'content-type' => '',
)
[ info ] [ PARAM ] array (
)
[ info ] [ SESSION ] INIT array (
  'id' => '',
  'var_session_id' => '',
  'prefix' => 'think',
  'type' => 'redis',
  'auto_start' => true,
)
[ info ] [ DB ] INIT mysql
[ info ] [ CACHE ] INIT File
[ info ] [ RUN ] app\admin\controller\Index->index[ E:\job\template360\application\admin\controller\Index.php ]
[ info ] [ VIEW ] E:\job\template360\public/../application/admin\view\index\index.php [ array (
  0 => 'user',
  1 => 'admin_menus',
) ]
[ info ] [ LOG ] INIT File
[ sql ] [ DB ] CONNECT:[ UseTime:0.010459s ] mysql:host=127.0.0.1;port=3306;dbname=template360;charset=utf8
[ sql ] [ SQL ] SHOW COLUMNS FROM `tpl_user` [ RunTime:0.001202s ]
[ sql ] [ SQL ] SELECT * FROM `tpl_user` WHERE  `id` = 1 LIMIT 1 [ RunTime:0.000737s ]
---------------------------------------------------------------
[ 2018-08-10T17:38:53+08:00 ] 10.10.0.101 GET /user/admin_user_action/index.html
[ info ] 10.10.0.99:8365/user/admin_user_action/index.html [运行时间：0.030438s][吞吐率：32.85req/s] [内存消耗：1,349.03kb] [文件加载：38]
[ info ] [ LANG ] E:\job\template360\thinkphp\lang\zh-cn.php
[ info ] [ ROUTE ] array (
  'type' => 'module',
  'module' => 
  array (
    0 => 'user',
    1 => 'admin_user_action',
    2 => 'index',
  ),
)
[ info ] [ HEADER ] array (
  'cookie' => 'PHPSESSID=8mtrd9t7hl7d62phd458d57pk7',
  'accept-language' => 'zh-CN,zh;q=0.9',
  'accept-encoding' => 'gzip, deflate',
  'referer' => 'http://10.10.0.99:8365/admin/index/index.html',
  'accept' => 'text/html,application/xhtml+xml,application/xml;q=0.9,image/webp,image/apng,*/*;q=0.8',
  'user-agent' => 'Mozilla/5.0 (Windows NT 10.0; Win64; x64) AppleWebKit/537.36 (KHTML, like Gecko) Chrome/65.0.3325.162 Safari/537.36',
  'upgrade-insecure-requests' => '1',
  'connection' => 'keep-alive',
  'host' => '10.10.0.99:8365',
  'content-length' => '',
  'content-type' => '',
)
[ info ] [ PARAM ] array (
)
[ info ] [ LOG ] INIT File
---------------------------------------------------------------
[ 2018-08-10T17:38:55+08:00 ] 10.10.0.101 GET /admin/index/index.html
[ info ] 10.10.0.99:8365/admin/index/index.html [运行时间：0.071849s][吞吐率：13.92req/s] [内存消耗：2,957.06kb] [文件加载：60]
[ info ] [ LANG ] E:\job\template360\thinkphp\lang\zh-cn.php
[ info ] [ ROUTE ] array (
  'type' => 'module',
  'module' => 
  array (
    0 => 'admin',
    1 => 'index',
    2 => 'index',
  ),
)
[ info ] [ HEADER ] array (
  'cookie' => 'PHPSESSID=8mtrd9t7hl7d62phd458d57pk7',
  'accept-language' => 'zh-CN,zh;q=0.9',
  'accept-encoding' => 'gzip, deflate',
  'referer' => 'http://10.10.0.99:8365/user/admin_user_action/index.html',
  'accept' => 'text/html,application/xhtml+xml,application/xml;q=0.9,image/webp,image/apng,*/*;q=0.8',
  'user-agent' => 'Mozilla/5.0 (Windows NT 10.0; Win64; x64) AppleWebKit/537.36 (KHTML, like Gecko) Chrome/65.0.3325.162 Safari/537.36',
  'upgrade-insecure-requests' => '1',
  'connection' => 'keep-alive',
  'host' => '10.10.0.99:8365',
  'content-length' => '',
  'content-type' => '',
)
[ info ] [ PARAM ] array (
)
[ info ] [ SESSION ] INIT array (
  'id' => '',
  'var_session_id' => '',
  'prefix' => 'think',
  'type' => 'redis',
  'auto_start' => true,
)
[ info ] [ DB ] INIT mysql
[ info ] [ CACHE ] INIT File
[ info ] [ RUN ] app\admin\controller\Index->index[ E:\job\template360\application\admin\controller\Index.php ]
[ info ] [ VIEW ] E:\job\template360\public/../application/admin\view\index\index.php [ array (
  0 => 'user',
  1 => 'admin_menus',
) ]
[ info ] [ LOG ] INIT File
[ sql ] [ DB ] CONNECT:[ UseTime:0.001706s ] mysql:host=127.0.0.1;port=3306;dbname=template360;charset=utf8
[ sql ] [ SQL ] SHOW COLUMNS FROM `tpl_user` [ RunTime:0.001818s ]
[ sql ] [ SQL ] SELECT * FROM `tpl_user` WHERE  `id` = 1 LIMIT 1 [ RunTime:0.000931s ]
---------------------------------------------------------------
[ 2018-08-10T17:39:01+08:00 ] 10.10.0.101 GET /user/admin_index/index.html
[ info ] 10.10.0.99:8365/user/admin_index/index.html [运行时间：0.033961s][吞吐率：29.45req/s] [内存消耗：1,348.85kb] [文件加载：38]
[ info ] [ LANG ] E:\job\template360\thinkphp\lang\zh-cn.php
[ info ] [ ROUTE ] array (
  'type' => 'module',
  'module' => 
  array (
    0 => 'user',
    1 => 'admin_index',
    2 => 'index',
  ),
)
[ info ] [ HEADER ] array (
  'cookie' => 'PHPSESSID=8mtrd9t7hl7d62phd458d57pk7',
  'accept-language' => 'zh-CN,zh;q=0.9',
  'accept-encoding' => 'gzip, deflate',
  'referer' => 'http://10.10.0.99:8365/admin/index/index.html',
  'accept' => 'text/html,application/xhtml+xml,application/xml;q=0.9,image/webp,image/apng,*/*;q=0.8',
  'user-agent' => 'Mozilla/5.0 (Windows NT 10.0; Win64; x64) AppleWebKit/537.36 (KHTML, like Gecko) Chrome/65.0.3325.162 Safari/537.36',
  'upgrade-insecure-requests' => '1',
  'connection' => 'keep-alive',
  'host' => '10.10.0.99:8365',
  'content-length' => '',
  'content-type' => '',
)
[ info ] [ PARAM ] array (
)
[ info ] [ LOG ] INIT File
---------------------------------------------------------------
[ 2018-08-10T17:39:03+08:00 ] 10.10.0.101 GET /admin/index/index.html
[ info ] 10.10.0.99:8365/admin/index/index.html [运行时间：0.065541s][吞吐率：15.26req/s] [内存消耗：2,957.06kb] [文件加载：60]
[ info ] [ LANG ] E:\job\template360\thinkphp\lang\zh-cn.php
[ info ] [ ROUTE ] array (
  'type' => 'module',
  'module' => 
  array (
    0 => 'admin',
    1 => 'index',
    2 => 'index',
  ),
)
[ info ] [ HEADER ] array (
  'cookie' => 'PHPSESSID=8mtrd9t7hl7d62phd458d57pk7',
  'accept-language' => 'zh-CN,zh;q=0.9',
  'accept-encoding' => 'gzip, deflate',
  'referer' => 'http://10.10.0.99:8365/user/admin_user_action/index.html',
  'accept' => 'text/html,application/xhtml+xml,application/xml;q=0.9,image/webp,image/apng,*/*;q=0.8',
  'user-agent' => 'Mozilla/5.0 (Windows NT 10.0; Win64; x64) AppleWebKit/537.36 (KHTML, like Gecko) Chrome/65.0.3325.162 Safari/537.36',
  'upgrade-insecure-requests' => '1',
  'connection' => 'keep-alive',
  'host' => '10.10.0.99:8365',
  'content-length' => '',
  'content-type' => '',
)
[ info ] [ PARAM ] array (
)
[ info ] [ SESSION ] INIT array (
  'id' => '',
  'var_session_id' => '',
  'prefix' => 'think',
  'type' => 'redis',
  'auto_start' => true,
)
[ info ] [ DB ] INIT mysql
[ info ] [ CACHE ] INIT File
[ info ] [ RUN ] app\admin\controller\Index->index[ E:\job\template360\application\admin\controller\Index.php ]
[ info ] [ VIEW ] E:\job\template360\public/../application/admin\view\index\index.php [ array (
  0 => 'user',
  1 => 'admin_menus',
) ]
[ info ] [ LOG ] INIT File
[ sql ] [ DB ] CONNECT:[ UseTime:0.010137s ] mysql:host=127.0.0.1;port=3306;dbname=template360;charset=utf8
[ sql ] [ SQL ] SHOW COLUMNS FROM `tpl_user` [ RunTime:0.001184s ]
[ sql ] [ SQL ] SELECT * FROM `tpl_user` WHERE  `id` = 1 LIMIT 1 [ RunTime:0.000731s ]
---------------------------------------------------------------
[ 2018-08-10T17:39:08+08:00 ] 10.10.0.101 GET /admin/hook/index.html
[ info ] 10.10.0.99:8365/admin/hook/index.html [运行时间：0.035807s][吞吐率：27.93req/s] [内存消耗：1,363.33kb] [文件加载：41]
[ info ] [ LANG ] E:\job\template360\thinkphp\lang\zh-cn.php
[ info ] [ ROUTE ] array (
  'type' => 'module',
  'module' => 
  array (
    0 => 'admin',
    1 => 'hook',
    2 => 'index',
  ),
)
[ info ] [ HEADER ] array (
  'cookie' => 'PHPSESSID=8mtrd9t7hl7d62phd458d57pk7',
  'accept-language' => 'zh-CN,zh;q=0.9',
  'accept-encoding' => 'gzip, deflate',
  'referer' => 'http://10.10.0.99:8365/admin/index/index.html',
  'accept' => 'text/html,application/xhtml+xml,application/xml;q=0.9,image/webp,image/apng,*/*;q=0.8',
  'user-agent' => 'Mozilla/5.0 (Windows NT 10.0; Win64; x64) AppleWebKit/537.36 (KHTML, like Gecko) Chrome/65.0.3325.162 Safari/537.36',
  'upgrade-insecure-requests' => '1',
  'connection' => 'keep-alive',
  'host' => '10.10.0.99:8365',
  'content-length' => '',
  'content-type' => '',
)
[ info ] [ PARAM ] array (
)
[ info ] [ LOG ] INIT File
---------------------------------------------------------------
[ 2018-08-10T17:39:10+08:00 ] 10.10.0.101 GET /admin/index/index.html
[ info ] 10.10.0.99:8365/admin/index/index.html [运行时间：0.060187s][吞吐率：16.61req/s] [内存消耗：2,957.06kb] [文件加载：60]
[ info ] [ LANG ] E:\job\template360\thinkphp\lang\zh-cn.php
[ info ] [ ROUTE ] array (
  'type' => 'module',
  'module' => 
  array (
    0 => 'admin',
    1 => 'index',
    2 => 'index',
  ),
)
[ info ] [ HEADER ] array (
  'cookie' => 'PHPSESSID=8mtrd9t7hl7d62phd458d57pk7',
  'accept-language' => 'zh-CN,zh;q=0.9',
  'accept-encoding' => 'gzip, deflate',
  'referer' => 'http://10.10.0.99:8365/user/admin_index/index.html',
  'accept' => 'text/html,application/xhtml+xml,application/xml;q=0.9,image/webp,image/apng,*/*;q=0.8',
  'user-agent' => 'Mozilla/5.0 (Windows NT 10.0; Win64; x64) AppleWebKit/537.36 (KHTML, like Gecko) Chrome/65.0.3325.162 Safari/537.36',
  'upgrade-insecure-requests' => '1',
  'connection' => 'keep-alive',
  'host' => '10.10.0.99:8365',
  'content-length' => '',
  'content-type' => '',
)
[ info ] [ PARAM ] array (
)
[ info ] [ SESSION ] INIT array (
  'id' => '',
  'var_session_id' => '',
  'prefix' => 'think',
  'type' => 'redis',
  'auto_start' => true,
)
[ info ] [ DB ] INIT mysql
[ info ] [ CACHE ] INIT File
[ info ] [ RUN ] app\admin\controller\Index->index[ E:\job\template360\application\admin\controller\Index.php ]
[ info ] [ VIEW ] E:\job\template360\public/../application/admin\view\index\index.php [ array (
  0 => 'user',
  1 => 'admin_menus',
) ]
[ info ] [ LOG ] INIT File
[ sql ] [ DB ] CONNECT:[ UseTime:0.001745s ] mysql:host=127.0.0.1;port=3306;dbname=template360;charset=utf8
[ sql ] [ SQL ] SHOW COLUMNS FROM `tpl_user` [ RunTime:0.001162s ]
[ sql ] [ SQL ] SELECT * FROM `tpl_user` WHERE  `id` = 1 LIMIT 1 [ RunTime:0.000869s ]
---------------------------------------------------------------
[ 2018-08-10T17:39:16+08:00 ] 10.10.0.101 GET /portal/admin_article/index.html
[ info ] 10.10.0.99:8365/portal/admin_article/index.html [运行时间：0.030800s][吞吐率：32.47req/s] [内存消耗：1,348.92kb] [文件加载：38]
[ info ] [ LANG ] E:\job\template360\thinkphp\lang\zh-cn.php
[ info ] [ ROUTE ] array (
  'type' => 'module',
  'module' => 
  array (
    0 => 'portal',
    1 => 'admin_article',
    2 => 'index',
  ),
)
[ info ] [ HEADER ] array (
  'cookie' => 'PHPSESSID=8mtrd9t7hl7d62phd458d57pk7',
  'accept-language' => 'zh-CN,zh;q=0.9',
  'accept-encoding' => 'gzip, deflate',
  'referer' => 'http://10.10.0.99:8365/admin/index/index.html',
  'accept' => 'text/html,application/xhtml+xml,application/xml;q=0.9,image/webp,image/apng,*/*;q=0.8',
  'user-agent' => 'Mozilla/5.0 (Windows NT 10.0; Win64; x64) AppleWebKit/537.36 (KHTML, like Gecko) Chrome/65.0.3325.162 Safari/537.36',
  'upgrade-insecure-requests' => '1',
  'connection' => 'keep-alive',
  'host' => '10.10.0.99:8365',
  'content-length' => '',
  'content-type' => '',
)
[ info ] [ PARAM ] array (
)
[ info ] [ LOG ] INIT File
---------------------------------------------------------------
[ 2018-08-10T17:39:18+08:00 ] 10.10.0.101 GET /admin/index/index.html
[ info ] 10.10.0.99:8365/admin/index/index.html [运行时间：0.058342s][吞吐率：17.14req/s] [内存消耗：2,957.01kb] [文件加载：60]
[ info ] [ LANG ] E:\job\template360\thinkphp\lang\zh-cn.php
[ info ] [ ROUTE ] array (
  'type' => 'module',
  'module' => 
  array (
    0 => 'admin',
    1 => 'index',
    2 => 'index',
  ),
)
[ info ] [ HEADER ] array (
  'cookie' => 'PHPSESSID=8mtrd9t7hl7d62phd458d57pk7',
  'accept-language' => 'zh-CN,zh;q=0.9',
  'accept-encoding' => 'gzip, deflate',
  'referer' => 'http://10.10.0.99:8365/admin/hook/index.html',
  'accept' => 'text/html,application/xhtml+xml,application/xml;q=0.9,image/webp,image/apng,*/*;q=0.8',
  'user-agent' => 'Mozilla/5.0 (Windows NT 10.0; Win64; x64) AppleWebKit/537.36 (KHTML, like Gecko) Chrome/65.0.3325.162 Safari/537.36',
  'upgrade-insecure-requests' => '1',
  'connection' => 'keep-alive',
  'host' => '10.10.0.99:8365',
  'content-length' => '',
  'content-type' => '',
)
[ info ] [ PARAM ] array (
)
[ info ] [ SESSION ] INIT array (
  'id' => '',
  'var_session_id' => '',
  'prefix' => 'think',
  'type' => 'redis',
  'auto_start' => true,
)
[ info ] [ DB ] INIT mysql
[ info ] [ CACHE ] INIT File
[ info ] [ RUN ] app\admin\controller\Index->index[ E:\job\template360\application\admin\controller\Index.php ]
[ info ] [ VIEW ] E:\job\template360\public/../application/admin\view\index\index.php [ array (
  0 => 'user',
  1 => 'admin_menus',
) ]
[ info ] [ LOG ] INIT File
[ sql ] [ DB ] CONNECT:[ UseTime:0.001737s ] mysql:host=127.0.0.1;port=3306;dbname=template360;charset=utf8
[ sql ] [ SQL ] SHOW COLUMNS FROM `tpl_user` [ RunTime:0.001367s ]
[ sql ] [ SQL ] SELECT * FROM `tpl_user` WHERE  `id` = 1 LIMIT 1 [ RunTime:0.000785s ]
