---------------------------------------------------------------
[ 2018-07-10T09:42:38+08:00 ] 10.10.0.99 GET /
[ info ] 10.10.0.99:8365/ [运行时间：1.307955s][吞吐率：0.76req/s] [内存消耗：1,347.68kb] [文件加载：35]
[ info ] [ LANG ] E:\job\template360\thinkphp\lang\zh-cn.php
[ info ] [ ROUTE ] array (
  'type' => 'module',
  'module' => 
  array (
    0 => '',
    1 => NULL,
    2 => NULL,
  ),
)
[ info ] [ HEADER ] array (
  'cookie' => 'sidebar_collapse=eyJpdiI6IlNYc0cwVmIyZ29cL1VXeTRYMXlBbUNRPT0iLCJ2YWx1ZSI6IjI5MjlNUk5QTWJTcys1YlhzVFczN0E9PSIsIm1hYyI6ImJhYjU2MThmOTljYjc4OWFiNWM3YTE4Yjc1Mzc1MjQ4MTc1NDZkZTMwMjA5YTVjZjU0ZWRlMGNjZmI2NTkxOTgifQ%3D%3D',
  'accept-language' => 'zh-CN,zh;q=0.9',
  'accept-encoding' => 'gzip, deflate',
  'accept' => 'text/html,application/xhtml+xml,application/xml;q=0.9,image/webp,image/apng,*/*;q=0.8',
  'upgrade-insecure-requests' => '1',
  'user-agent' => 'Mozilla/5.0 (Windows NT 10.0; WOW64) AppleWebKit/537.36 (KHTML, like Gecko) Chrome/63.0.3239.132 Safari/537.36',
  'connection' => 'keep-alive',
  'host' => '10.10.0.99:8365',
  'content-length' => '',
  'content-type' => '',
)
[ info ] [ PARAM ] array (
)
[ info ] [ RUN ] app\index\controller\Index->index[ E:\job\template360\application\index\controller\Index.php ]
[ info ] [ SESSION ] INIT array (
  'id' => '',
  'var_session_id' => '',
  'prefix' => 'think',
  'type' => 'redis',
  'auto_start' => true,
)
[ info ] [ LOG ] INIT File
[ error ] [0]Redis server went away[E:\job\template360\thinkphp\library\think\session\driver\Redis.php:88]
---------------------------------------------------------------
[ 2018-07-10T09:43:26+08:00 ] 10.10.0.99 GET /
[ info ] 10.10.0.99:8365/ [运行时间：0.083358s][吞吐率：12.00req/s] [内存消耗：1,326.28kb] [文件加载：33]
[ info ] [ LANG ] E:\job\template360\thinkphp\lang\zh-cn.php
[ info ] [ ROUTE ] array (
  'type' => 'module',
  'module' => 
  array (
    0 => '',
    1 => NULL,
    2 => NULL,
  ),
)
[ info ] [ HEADER ] array (
  'cookie' => 'sidebar_collapse=eyJpdiI6IlNYc0cwVmIyZ29cL1VXeTRYMXlBbUNRPT0iLCJ2YWx1ZSI6IjI5MjlNUk5QTWJTcys1YlhzVFczN0E9PSIsIm1hYyI6ImJhYjU2MThmOTljYjc4OWFiNWM3YTE4Yjc1Mzc1MjQ4MTc1NDZkZTMwMjA5YTVjZjU0ZWRlMGNjZmI2NTkxOTgifQ%3D%3D; PHPSESSID=sq0gn3rvgfdk9vm8ks6l5rmiq6',
  'accept-language' => 'zh-CN,zh;q=0.9',
  'accept-encoding' => 'gzip, deflate',
  'accept' => 'text/html,application/xhtml+xml,application/xml;q=0.9,image/webp,image/apng,*/*;q=0.8',
  'upgrade-insecure-requests' => '1',
  'user-agent' => 'Mozilla/5.0 (Windows NT 10.0; WOW64) AppleWebKit/537.36 (KHTML, like Gecko) Chrome/63.0.3239.132 Safari/537.36',
  'cache-control' => 'max-age=0',
  'connection' => 'keep-alive',
  'host' => '10.10.0.99:8365',
  'content-length' => '',
  'content-type' => '',
)
[ info ] [ PARAM ] array (
)
[ info ] [ RUN ] app\index\controller\Index->index[ E:\job\template360\application\index\controller\Index.php ]
[ info ] [ SESSION ] INIT array (
  'id' => '',
  'var_session_id' => '',
  'prefix' => 'think',
  'type' => 'redis',
  'auto_start' => true,
)
[ info ] [ LOG ] INIT File
---------------------------------------------------------------
[ 2018-07-10T09:43:38+08:00 ] 10.10.0.99 GET /
[ info ] 10.10.0.99:8365/ [运行时间：0.035051s][吞吐率：28.53req/s] [内存消耗：1,326.05kb] [文件加载：33]
[ info ] [ LANG ] E:\job\template360\thinkphp\lang\zh-cn.php
[ info ] [ ROUTE ] array (
  'type' => 'module',
  'module' => 
  array (
    0 => '',
    1 => NULL,
    2 => NULL,
  ),
)
[ info ] [ HEADER ] array (
  'cookie' => 'sidebar_collapse=eyJpdiI6IlNYc0cwVmIyZ29cL1VXeTRYMXlBbUNRPT0iLCJ2YWx1ZSI6IjI5MjlNUk5QTWJTcys1YlhzVFczN0E9PSIsIm1hYyI6ImJhYjU2MThmOTljYjc4OWFiNWM3YTE4Yjc1Mzc1MjQ4MTc1NDZkZTMwMjA5YTVjZjU0ZWRlMGNjZmI2NTkxOTgifQ%3D%3D; PHPSESSID=sq0gn3rvgfdk9vm8ks6l5rmiq6',
  'accept-language' => 'zh-CN,zh;q=0.9',
  'accept-encoding' => 'gzip, deflate',
  'accept' => 'text/html,application/xhtml+xml,application/xml;q=0.9,image/webp,image/apng,*/*;q=0.8',
  'upgrade-insecure-requests' => '1',
  'user-agent' => 'Mozilla/5.0 (Windows NT 10.0; WOW64) AppleWebKit/537.36 (KHTML, like Gecko) Chrome/63.0.3239.132 Safari/537.36',
  'connection' => 'keep-alive',
  'host' => '10.10.0.99:8365',
  'content-length' => '',
  'content-type' => '',
)
[ info ] [ PARAM ] array (
)
[ info ] [ RUN ] app\index\controller\Index->index[ E:\job\template360\application\index\controller\Index.php ]
[ info ] [ SESSION ] INIT array (
  'id' => '',
  'var_session_id' => '',
  'prefix' => 'think',
  'type' => 'redis',
  'auto_start' => true,
)
[ info ] [ LOG ] INIT File
---------------------------------------------------------------
[ 2018-07-10T09:48:28+08:00 ] 10.10.0.99 GET /admin
[ info ] 10.10.0.99:8365/admin [运行时间：0.067446s][吞吐率：14.83req/s] [内存消耗：1,414.64kb] [文件加载：39]
[ info ] [ LANG ] E:\job\template360\thinkphp\lang\zh-cn.php
[ info ] [ ROUTE ] array (
  'type' => 'module',
  'module' => 
  array (
    0 => 'admin',
    1 => NULL,
    2 => NULL,
  ),
)
[ info ] [ HEADER ] array (
  'cookie' => 'sidebar_collapse=eyJpdiI6IlNYc0cwVmIyZ29cL1VXeTRYMXlBbUNRPT0iLCJ2YWx1ZSI6IjI5MjlNUk5QTWJTcys1YlhzVFczN0E9PSIsIm1hYyI6ImJhYjU2MThmOTljYjc4OWFiNWM3YTE4Yjc1Mzc1MjQ4MTc1NDZkZTMwMjA5YTVjZjU0ZWRlMGNjZmI2NTkxOTgifQ%3D%3D; PHPSESSID=sq0gn3rvgfdk9vm8ks6l5rmiq6',
  'accept-language' => 'zh-CN,zh;q=0.9',
  'accept-encoding' => 'gzip, deflate',
  'accept' => 'text/html,application/xhtml+xml,application/xml;q=0.9,image/webp,image/apng,*/*;q=0.8',
  'upgrade-insecure-requests' => '1',
  'user-agent' => 'Mozilla/5.0 (Windows NT 10.0; WOW64) AppleWebKit/537.36 (KHTML, like Gecko) Chrome/63.0.3239.132 Safari/537.36',
  'connection' => 'keep-alive',
  'host' => '10.10.0.99:8365',
  'content-length' => '',
  'content-type' => '',
)
[ info ] [ PARAM ] array (
)
[ info ] [ SESSION ] INIT array (
  'id' => '',
  'var_session_id' => '',
  'prefix' => 'think',
  'type' => 'redis',
  'auto_start' => true,
)
[ info ] [ LOG ] INIT File
---------------------------------------------------------------
[ 2018-07-10T09:48:28+08:00 ] 10.10.0.99 GET /admin/login/index.html
[ info ] 10.10.0.99:8365/admin/login/index.html [运行时间：0.046901s][吞吐率：21.32req/s] [内存消耗：1,544.19kb] [文件加载：39]
[ info ] [ LANG ] E:\job\template360\thinkphp\lang\zh-cn.php
[ info ] [ ROUTE ] array (
  'type' => 'module',
  'module' => 
  array (
    0 => 'admin',
    1 => 'login',
    2 => 'index',
  ),
)
[ info ] [ HEADER ] array (
  'cookie' => 'sidebar_collapse=eyJpdiI6IlNYc0cwVmIyZ29cL1VXeTRYMXlBbUNRPT0iLCJ2YWx1ZSI6IjI5MjlNUk5QTWJTcys1YlhzVFczN0E9PSIsIm1hYyI6ImJhYjU2MThmOTljYjc4OWFiNWM3YTE4Yjc1Mzc1MjQ4MTc1NDZkZTMwMjA5YTVjZjU0ZWRlMGNjZmI2NTkxOTgifQ%3D%3D; PHPSESSID=sq0gn3rvgfdk9vm8ks6l5rmiq6',
  'accept-language' => 'zh-CN,zh;q=0.9',
  'accept-encoding' => 'gzip, deflate',
  'accept' => 'text/html,application/xhtml+xml,application/xml;q=0.9,image/webp,image/apng,*/*;q=0.8',
  'upgrade-insecure-requests' => '1',
  'user-agent' => 'Mozilla/5.0 (Windows NT 10.0; WOW64) AppleWebKit/537.36 (KHTML, like Gecko) Chrome/63.0.3239.132 Safari/537.36',
  'connection' => 'keep-alive',
  'host' => '10.10.0.99:8365',
  'content-length' => '',
  'content-type' => '',
)
[ info ] [ PARAM ] array (
)
[ info ] [ RUN ] app\admin\controller\Login->index[ E:\job\template360\application\admin\controller\Login.php ]
[ info ] [ VIEW ] E:\job\template360\public/../application/admin\view\login\index.php [ array (
) ]
[ info ] [ SESSION ] INIT array (
  'id' => '',
  'var_session_id' => '',
  'prefix' => 'think',
  'type' => 'redis',
  'auto_start' => true,
)
[ info ] [ LOG ] INIT File
---------------------------------------------------------------
[ 2018-07-10T09:48:28+08:00 ] 10.10.0.99 GET /admin/login/verify.html
[ info ] 10.10.0.99:8365/admin/login/verify.html [运行时间：0.029281s][吞吐率：34.15req/s] [内存消耗：1,360.74kb] [文件加载：38]
[ info ] [ LANG ] E:\job\template360\thinkphp\lang\zh-cn.php
[ info ] [ ROUTE ] array (
  'type' => 'module',
  'module' => 
  array (
    0 => 'admin',
    1 => 'login',
    2 => 'verify',
  ),
)
[ info ] [ HEADER ] array (
  'cookie' => 'sidebar_collapse=eyJpdiI6IlNYc0cwVmIyZ29cL1VXeTRYMXlBbUNRPT0iLCJ2YWx1ZSI6IjI5MjlNUk5QTWJTcys1YlhzVFczN0E9PSIsIm1hYyI6ImJhYjU2MThmOTljYjc4OWFiNWM3YTE4Yjc1Mzc1MjQ4MTc1NDZkZTMwMjA5YTVjZjU0ZWRlMGNjZmI2NTkxOTgifQ%3D%3D; PHPSESSID=sq0gn3rvgfdk9vm8ks6l5rmiq6',
  'accept-language' => 'zh-CN,zh;q=0.9',
  'accept-encoding' => 'gzip, deflate',
  'referer' => 'http://10.10.0.99:8365/admin/login/index.html',
  'accept' => 'image/webp,image/apng,image/*,*/*;q=0.8',
  'user-agent' => 'Mozilla/5.0 (Windows NT 10.0; WOW64) AppleWebKit/537.36 (KHTML, like Gecko) Chrome/63.0.3239.132 Safari/537.36',
  'connection' => 'keep-alive',
  'host' => '10.10.0.99:8365',
  'content-length' => '',
  'content-type' => '',
)
[ info ] [ PARAM ] array (
)
[ info ] [ RUN ] app\admin\controller\Login->verify[ E:\job\template360\application\admin\controller\Login.php ]
[ info ] [ LOG ] INIT File
[ error ] [1]Class 'think\captcha\Captcha' not found[E:\job\template360\application\admin\controller\Login.php:47]
---------------------------------------------------------------
[ 2018-07-10T09:48:30+08:00 ] 10.10.0.99 GET /admin/login/index.html
[ info ] 10.10.0.99:8365/admin/login/index.html [运行时间：0.059744s][吞吐率：16.74req/s] [内存消耗：1,399.62kb] [文件加载：37]
[ info ] [ LANG ] E:\job\template360\thinkphp\lang\zh-cn.php
[ info ] [ ROUTE ] array (
  'type' => 'module',
  'module' => 
  array (
    0 => 'admin',
    1 => 'login',
    2 => 'index',
  ),
)
[ info ] [ HEADER ] array (
  'cookie' => 'sidebar_collapse=eyJpdiI6IlNYc0cwVmIyZ29cL1VXeTRYMXlBbUNRPT0iLCJ2YWx1ZSI6IjI5MjlNUk5QTWJTcys1YlhzVFczN0E9PSIsIm1hYyI6ImJhYjU2MThmOTljYjc4OWFiNWM3YTE4Yjc1Mzc1MjQ4MTc1NDZkZTMwMjA5YTVjZjU0ZWRlMGNjZmI2NTkxOTgifQ%3D%3D; PHPSESSID=sq0gn3rvgfdk9vm8ks6l5rmiq6',
  'accept-language' => 'zh-CN,zh;q=0.9',
  'accept-encoding' => 'gzip, deflate',
  'accept' => 'text/html,application/xhtml+xml,application/xml;q=0.9,image/webp,image/apng,*/*;q=0.8',
  'upgrade-insecure-requests' => '1',
  'user-agent' => 'Mozilla/5.0 (Windows NT 10.0; WOW64) AppleWebKit/537.36 (KHTML, like Gecko) Chrome/63.0.3239.132 Safari/537.36',
  'cache-control' => 'max-age=0',
  'connection' => 'keep-alive',
  'host' => '10.10.0.99:8365',
  'content-length' => '',
  'content-type' => '',
)
[ info ] [ PARAM ] array (
)
[ info ] [ RUN ] app\admin\controller\Login->index[ E:\job\template360\application\admin\controller\Login.php ]
[ info ] [ VIEW ] E:\job\template360\public/../application/admin\view\login\index.php [ array (
) ]
[ info ] [ SESSION ] INIT array (
  'id' => '',
  'var_session_id' => '',
  'prefix' => 'think',
  'type' => 'redis',
  'auto_start' => true,
)
[ info ] [ LOG ] INIT File
---------------------------------------------------------------
[ 2018-07-10T09:48:30+08:00 ] 10.10.0.99 GET /admin/login/verify.html
[ info ] 10.10.0.99:8365/admin/login/verify.html [运行时间：0.046149s][吞吐率：21.67req/s] [内存消耗：1,360.74kb] [文件加载：38]
[ info ] [ LANG ] E:\job\template360\thinkphp\lang\zh-cn.php
[ info ] [ ROUTE ] array (
  'type' => 'module',
  'module' => 
  array (
    0 => 'admin',
    1 => 'login',
    2 => 'verify',
  ),
)
[ info ] [ HEADER ] array (
  'cookie' => 'sidebar_collapse=eyJpdiI6IlNYc0cwVmIyZ29cL1VXeTRYMXlBbUNRPT0iLCJ2YWx1ZSI6IjI5MjlNUk5QTWJTcys1YlhzVFczN0E9PSIsIm1hYyI6ImJhYjU2MThmOTljYjc4OWFiNWM3YTE4Yjc1Mzc1MjQ4MTc1NDZkZTMwMjA5YTVjZjU0ZWRlMGNjZmI2NTkxOTgifQ%3D%3D; PHPSESSID=sq0gn3rvgfdk9vm8ks6l5rmiq6',
  'accept-language' => 'zh-CN,zh;q=0.9',
  'accept-encoding' => 'gzip, deflate',
  'referer' => 'http://10.10.0.99:8365/admin/login/index.html',
  'accept' => 'image/webp,image/apng,image/*,*/*;q=0.8',
  'user-agent' => 'Mozilla/5.0 (Windows NT 10.0; WOW64) AppleWebKit/537.36 (KHTML, like Gecko) Chrome/63.0.3239.132 Safari/537.36',
  'connection' => 'keep-alive',
  'host' => '10.10.0.99:8365',
  'content-length' => '',
  'content-type' => '',
)
[ info ] [ PARAM ] array (
)
[ info ] [ RUN ] app\admin\controller\Login->verify[ E:\job\template360\application\admin\controller\Login.php ]
[ info ] [ LOG ] INIT File
[ error ] [1]Class 'think\captcha\Captcha' not found[E:\job\template360\application\admin\controller\Login.php:47]
---------------------------------------------------------------
[ 2018-07-10T09:48:33+08:00 ] 10.10.0.99 GET /admin/login/index.html
[ info ] 10.10.0.99:8365/admin/login/index.html [运行时间：0.036719s][吞吐率：27.23req/s] [内存消耗：1,399.43kb] [文件加载：37]
[ info ] [ LANG ] E:\job\template360\thinkphp\lang\zh-cn.php
[ info ] [ ROUTE ] array (
  'type' => 'module',
  'module' => 
  array (
    0 => 'admin',
    1 => 'login',
    2 => 'index',
  ),
)
[ info ] [ HEADER ] array (
  'cookie' => 'sidebar_collapse=eyJpdiI6IlNYc0cwVmIyZ29cL1VXeTRYMXlBbUNRPT0iLCJ2YWx1ZSI6IjI5MjlNUk5QTWJTcys1YlhzVFczN0E9PSIsIm1hYyI6ImJhYjU2MThmOTljYjc4OWFiNWM3YTE4Yjc1Mzc1MjQ4MTc1NDZkZTMwMjA5YTVjZjU0ZWRlMGNjZmI2NTkxOTgifQ%3D%3D; PHPSESSID=sq0gn3rvgfdk9vm8ks6l5rmiq6',
  'accept-language' => 'zh-CN,zh;q=0.9',
  'accept-encoding' => 'gzip, deflate',
  'accept' => 'text/html,application/xhtml+xml,application/xml;q=0.9,image/webp,image/apng,*/*;q=0.8',
  'upgrade-insecure-requests' => '1',
  'user-agent' => 'Mozilla/5.0 (Windows NT 10.0; WOW64) AppleWebKit/537.36 (KHTML, like Gecko) Chrome/63.0.3239.132 Safari/537.36',
  'connection' => 'keep-alive',
  'host' => '10.10.0.99:8365',
  'content-length' => '',
  'content-type' => '',
)
[ info ] [ PARAM ] array (
)
[ info ] [ RUN ] app\admin\controller\Login->index[ E:\job\template360\application\admin\controller\Login.php ]
[ info ] [ VIEW ] E:\job\template360\public/../application/admin\view\login\index.php [ array (
) ]
[ info ] [ SESSION ] INIT array (
  'id' => '',
  'var_session_id' => '',
  'prefix' => 'think',
  'type' => 'redis',
  'auto_start' => true,
)
[ info ] [ LOG ] INIT File
---------------------------------------------------------------
[ 2018-07-10T09:49:19+08:00 ] 10.10.0.99 GET /admin/login/index.html
[ info ] 10.10.0.99:8365/admin/login/index.html [运行时间：0.042381s][吞吐率：23.60req/s] [内存消耗：1,399.62kb] [文件加载：37]
[ info ] [ LANG ] E:\job\template360\thinkphp\lang\zh-cn.php
[ info ] [ ROUTE ] array (
  'type' => 'module',
  'module' => 
  array (
    0 => 'admin',
    1 => 'login',
    2 => 'index',
  ),
)
[ info ] [ HEADER ] array (
  'cookie' => 'sidebar_collapse=eyJpdiI6IlNYc0cwVmIyZ29cL1VXeTRYMXlBbUNRPT0iLCJ2YWx1ZSI6IjI5MjlNUk5QTWJTcys1YlhzVFczN0E9PSIsIm1hYyI6ImJhYjU2MThmOTljYjc4OWFiNWM3YTE4Yjc1Mzc1MjQ4MTc1NDZkZTMwMjA5YTVjZjU0ZWRlMGNjZmI2NTkxOTgifQ%3D%3D; PHPSESSID=sq0gn3rvgfdk9vm8ks6l5rmiq6',
  'accept-language' => 'zh-CN,zh;q=0.9',
  'accept-encoding' => 'gzip, deflate',
  'accept' => 'text/html,application/xhtml+xml,application/xml;q=0.9,image/webp,image/apng,*/*;q=0.8',
  'upgrade-insecure-requests' => '1',
  'user-agent' => 'Mozilla/5.0 (Windows NT 10.0; WOW64) AppleWebKit/537.36 (KHTML, like Gecko) Chrome/63.0.3239.132 Safari/537.36',
  'cache-control' => 'max-age=0',
  'connection' => 'keep-alive',
  'host' => '10.10.0.99:8365',
  'content-length' => '',
  'content-type' => '',
)
[ info ] [ PARAM ] array (
)
[ info ] [ RUN ] app\admin\controller\Login->index[ E:\job\template360\application\admin\controller\Login.php ]
[ info ] [ VIEW ] E:\job\template360\public/../application/admin\view\login\index.php [ array (
) ]
[ info ] [ SESSION ] INIT array (
  'id' => '',
  'var_session_id' => '',
  'prefix' => 'think',
  'type' => 'redis',
  'auto_start' => true,
)
[ info ] [ LOG ] INIT File
---------------------------------------------------------------
[ 2018-07-10T09:49:19+08:00 ] 10.10.0.99 GET /admin/login/verify.html
[ info ] 10.10.0.99:8365/admin/login/verify.html [运行时间：0.075970s][吞吐率：13.16req/s] [内存消耗：1,360.74kb] [文件加载：38]
[ info ] [ LANG ] E:\job\template360\thinkphp\lang\zh-cn.php
[ info ] [ ROUTE ] array (
  'type' => 'module',
  'module' => 
  array (
    0 => 'admin',
    1 => 'login',
    2 => 'verify',
  ),
)
[ info ] [ HEADER ] array (
  'cookie' => 'sidebar_collapse=eyJpdiI6IlNYc0cwVmIyZ29cL1VXeTRYMXlBbUNRPT0iLCJ2YWx1ZSI6IjI5MjlNUk5QTWJTcys1YlhzVFczN0E9PSIsIm1hYyI6ImJhYjU2MThmOTljYjc4OWFiNWM3YTE4Yjc1Mzc1MjQ4MTc1NDZkZTMwMjA5YTVjZjU0ZWRlMGNjZmI2NTkxOTgifQ%3D%3D; PHPSESSID=sq0gn3rvgfdk9vm8ks6l5rmiq6',
  'accept-language' => 'zh-CN,zh;q=0.9',
  'accept-encoding' => 'gzip, deflate',
  'referer' => 'http://10.10.0.99:8365/admin/login/index.html',
  'accept' => 'image/webp,image/apng,image/*,*/*;q=0.8',
  'user-agent' => 'Mozilla/5.0 (Windows NT 10.0; WOW64) AppleWebKit/537.36 (KHTML, like Gecko) Chrome/63.0.3239.132 Safari/537.36',
  'connection' => 'keep-alive',
  'host' => '10.10.0.99:8365',
  'content-length' => '',
  'content-type' => '',
)
[ info ] [ PARAM ] array (
)
[ info ] [ RUN ] app\admin\controller\Login->verify[ E:\job\template360\application\admin\controller\Login.php ]
[ info ] [ LOG ] INIT File
[ error ] [1]Class 'think\captcha\Captcha' not found[E:\job\template360\application\admin\controller\Login.php:47]
---------------------------------------------------------------
[ 2018-07-10T09:49:20+08:00 ] 10.10.0.99 GET /admin/login/index.html
[ info ] 10.10.0.99:8365/admin/login/index.html [运行时间：0.029771s][吞吐率：33.59req/s] [内存消耗：1,399.62kb] [文件加载：37]
[ info ] [ LANG ] E:\job\template360\thinkphp\lang\zh-cn.php
[ info ] [ ROUTE ] array (
  'type' => 'module',
  'module' => 
  array (
    0 => 'admin',
    1 => 'login',
    2 => 'index',
  ),
)
[ info ] [ HEADER ] array (
  'cookie' => 'sidebar_collapse=eyJpdiI6IlNYc0cwVmIyZ29cL1VXeTRYMXlBbUNRPT0iLCJ2YWx1ZSI6IjI5MjlNUk5QTWJTcys1YlhzVFczN0E9PSIsIm1hYyI6ImJhYjU2MThmOTljYjc4OWFiNWM3YTE4Yjc1Mzc1MjQ4MTc1NDZkZTMwMjA5YTVjZjU0ZWRlMGNjZmI2NTkxOTgifQ%3D%3D; PHPSESSID=sq0gn3rvgfdk9vm8ks6l5rmiq6',
  'accept-language' => 'zh-CN,zh;q=0.9',
  'accept-encoding' => 'gzip, deflate',
  'accept' => 'text/html,application/xhtml+xml,application/xml;q=0.9,image/webp,image/apng,*/*;q=0.8',
  'upgrade-insecure-requests' => '1',
  'user-agent' => 'Mozilla/5.0 (Windows NT 10.0; WOW64) AppleWebKit/537.36 (KHTML, like Gecko) Chrome/63.0.3239.132 Safari/537.36',
  'cache-control' => 'max-age=0',
  'connection' => 'keep-alive',
  'host' => '10.10.0.99:8365',
  'content-length' => '',
  'content-type' => '',
)
[ info ] [ PARAM ] array (
)
[ info ] [ RUN ] app\admin\controller\Login->index[ E:\job\template360\application\admin\controller\Login.php ]
[ info ] [ VIEW ] E:\job\template360\public/../application/admin\view\login\index.php [ array (
) ]
[ info ] [ SESSION ] INIT array (
  'id' => '',
  'var_session_id' => '',
  'prefix' => 'think',
  'type' => 'redis',
  'auto_start' => true,
)
[ info ] [ LOG ] INIT File
---------------------------------------------------------------
[ 2018-07-10T09:49:20+08:00 ] 10.10.0.99 GET /admin/login/verify.html
[ info ] 10.10.0.99:8365/admin/login/verify.html [运行时间：0.067786s][吞吐率：14.75req/s] [内存消耗：1,360.74kb] [文件加载：38]
[ info ] [ LANG ] E:\job\template360\thinkphp\lang\zh-cn.php
[ info ] [ ROUTE ] array (
  'type' => 'module',
  'module' => 
  array (
    0 => 'admin',
    1 => 'login',
    2 => 'verify',
  ),
)
[ info ] [ HEADER ] array (
  'cookie' => 'sidebar_collapse=eyJpdiI6IlNYc0cwVmIyZ29cL1VXeTRYMXlBbUNRPT0iLCJ2YWx1ZSI6IjI5MjlNUk5QTWJTcys1YlhzVFczN0E9PSIsIm1hYyI6ImJhYjU2MThmOTljYjc4OWFiNWM3YTE4Yjc1Mzc1MjQ4MTc1NDZkZTMwMjA5YTVjZjU0ZWRlMGNjZmI2NTkxOTgifQ%3D%3D; PHPSESSID=sq0gn3rvgfdk9vm8ks6l5rmiq6',
  'accept-language' => 'zh-CN,zh;q=0.9',
  'accept-encoding' => 'gzip, deflate',
  'referer' => 'http://10.10.0.99:8365/admin/login/index.html',
  'accept' => 'image/webp,image/apng,image/*,*/*;q=0.8',
  'user-agent' => 'Mozilla/5.0 (Windows NT 10.0; WOW64) AppleWebKit/537.36 (KHTML, like Gecko) Chrome/63.0.3239.132 Safari/537.36',
  'connection' => 'keep-alive',
  'host' => '10.10.0.99:8365',
  'content-length' => '',
  'content-type' => '',
)
[ info ] [ PARAM ] array (
)
[ info ] [ RUN ] app\admin\controller\Login->verify[ E:\job\template360\application\admin\controller\Login.php ]
[ info ] [ LOG ] INIT File
[ error ] [1]Class 'think\captcha\Captcha' not found[E:\job\template360\application\admin\controller\Login.php:47]
---------------------------------------------------------------
[ 2018-07-10T09:49:20+08:00 ] 10.10.0.99 GET /admin/login/index.html
[ info ] 10.10.0.99:8365/admin/login/index.html [运行时间：0.050730s][吞吐率：19.71req/s] [内存消耗：1,399.62kb] [文件加载：37]
[ info ] [ LANG ] E:\job\template360\thinkphp\lang\zh-cn.php
[ info ] [ ROUTE ] array (
  'type' => 'module',
  'module' => 
  array (
    0 => 'admin',
    1 => 'login',
    2 => 'index',
  ),
)
[ info ] [ HEADER ] array (
  'cookie' => 'sidebar_collapse=eyJpdiI6IlNYc0cwVmIyZ29cL1VXeTRYMXlBbUNRPT0iLCJ2YWx1ZSI6IjI5MjlNUk5QTWJTcys1YlhzVFczN0E9PSIsIm1hYyI6ImJhYjU2MThmOTljYjc4OWFiNWM3YTE4Yjc1Mzc1MjQ4MTc1NDZkZTMwMjA5YTVjZjU0ZWRlMGNjZmI2NTkxOTgifQ%3D%3D; PHPSESSID=sq0gn3rvgfdk9vm8ks6l5rmiq6',
  'accept-language' => 'zh-CN,zh;q=0.9',
  'accept-encoding' => 'gzip, deflate',
  'accept' => 'text/html,application/xhtml+xml,application/xml;q=0.9,image/webp,image/apng,*/*;q=0.8',
  'upgrade-insecure-requests' => '1',
  'user-agent' => 'Mozilla/5.0 (Windows NT 10.0; WOW64) AppleWebKit/537.36 (KHTML, like Gecko) Chrome/63.0.3239.132 Safari/537.36',
  'cache-control' => 'max-age=0',
  'connection' => 'keep-alive',
  'host' => '10.10.0.99:8365',
  'content-length' => '',
  'content-type' => '',
)
[ info ] [ PARAM ] array (
)
[ info ] [ RUN ] app\admin\controller\Login->index[ E:\job\template360\application\admin\controller\Login.php ]
[ info ] [ VIEW ] E:\job\template360\public/../application/admin\view\login\index.php [ array (
) ]
[ info ] [ SESSION ] INIT array (
  'id' => '',
  'var_session_id' => '',
  'prefix' => 'think',
  'type' => 'redis',
  'auto_start' => true,
)
[ info ] [ LOG ] INIT File
---------------------------------------------------------------
[ 2018-07-10T09:49:20+08:00 ] 10.10.0.99 GET /admin/login/verify.html
[ info ] 10.10.0.99:8365/admin/login/verify.html [运行时间：0.081140s][吞吐率：12.32req/s] [内存消耗：1,360.74kb] [文件加载：38]
[ info ] [ LANG ] E:\job\template360\thinkphp\lang\zh-cn.php
[ info ] [ ROUTE ] array (
  'type' => 'module',
  'module' => 
  array (
    0 => 'admin',
    1 => 'login',
    2 => 'verify',
  ),
)
[ info ] [ HEADER ] array (
  'cookie' => 'sidebar_collapse=eyJpdiI6IlNYc0cwVmIyZ29cL1VXeTRYMXlBbUNRPT0iLCJ2YWx1ZSI6IjI5MjlNUk5QTWJTcys1YlhzVFczN0E9PSIsIm1hYyI6ImJhYjU2MThmOTljYjc4OWFiNWM3YTE4Yjc1Mzc1MjQ4MTc1NDZkZTMwMjA5YTVjZjU0ZWRlMGNjZmI2NTkxOTgifQ%3D%3D; PHPSESSID=sq0gn3rvgfdk9vm8ks6l5rmiq6',
  'accept-language' => 'zh-CN,zh;q=0.9',
  'accept-encoding' => 'gzip, deflate',
  'referer' => 'http://10.10.0.99:8365/admin/login/index.html',
  'accept' => 'image/webp,image/apng,image/*,*/*;q=0.8',
  'user-agent' => 'Mozilla/5.0 (Windows NT 10.0; WOW64) AppleWebKit/537.36 (KHTML, like Gecko) Chrome/63.0.3239.132 Safari/537.36',
  'connection' => 'keep-alive',
  'host' => '10.10.0.99:8365',
  'content-length' => '',
  'content-type' => '',
)
[ info ] [ PARAM ] array (
)
[ info ] [ RUN ] app\admin\controller\Login->verify[ E:\job\template360\application\admin\controller\Login.php ]
[ info ] [ LOG ] INIT File
[ error ] [1]Class 'think\captcha\Captcha' not found[E:\job\template360\application\admin\controller\Login.php:47]
---------------------------------------------------------------
[ 2018-07-10T09:49:21+08:00 ] 10.10.0.99 GET /admin/login/index.html
[ info ] 10.10.0.99:8365/admin/login/index.html [运行时间：0.056741s][吞吐率：17.62req/s] [内存消耗：1,399.62kb] [文件加载：37]
[ info ] [ LANG ] E:\job\template360\thinkphp\lang\zh-cn.php
[ info ] [ ROUTE ] array (
  'type' => 'module',
  'module' => 
  array (
    0 => 'admin',
    1 => 'login',
    2 => 'index',
  ),
)
[ info ] [ HEADER ] array (
  'cookie' => 'sidebar_collapse=eyJpdiI6IlNYc0cwVmIyZ29cL1VXeTRYMXlBbUNRPT0iLCJ2YWx1ZSI6IjI5MjlNUk5QTWJTcys1YlhzVFczN0E9PSIsIm1hYyI6ImJhYjU2MThmOTljYjc4OWFiNWM3YTE4Yjc1Mzc1MjQ4MTc1NDZkZTMwMjA5YTVjZjU0ZWRlMGNjZmI2NTkxOTgifQ%3D%3D; PHPSESSID=sq0gn3rvgfdk9vm8ks6l5rmiq6',
  'accept-language' => 'zh-CN,zh;q=0.9',
  'accept-encoding' => 'gzip, deflate',
  'accept' => 'text/html,application/xhtml+xml,application/xml;q=0.9,image/webp,image/apng,*/*;q=0.8',
  'upgrade-insecure-requests' => '1',
  'user-agent' => 'Mozilla/5.0 (Windows NT 10.0; WOW64) AppleWebKit/537.36 (KHTML, like Gecko) Chrome/63.0.3239.132 Safari/537.36',
  'cache-control' => 'max-age=0',
  'connection' => 'keep-alive',
  'host' => '10.10.0.99:8365',
  'content-length' => '',
  'content-type' => '',
)
[ info ] [ PARAM ] array (
)
[ info ] [ RUN ] app\admin\controller\Login->index[ E:\job\template360\application\admin\controller\Login.php ]
[ info ] [ VIEW ] E:\job\template360\public/../application/admin\view\login\index.php [ array (
) ]
[ info ] [ SESSION ] INIT array (
  'id' => '',
  'var_session_id' => '',
  'prefix' => 'think',
  'type' => 'redis',
  'auto_start' => true,
)
[ info ] [ LOG ] INIT File
---------------------------------------------------------------
[ 2018-07-10T09:49:21+08:00 ] 10.10.0.99 GET /admin/login/verify.html
[ info ] 10.10.0.99:8365/admin/login/verify.html [运行时间：0.077072s][吞吐率：12.97req/s] [内存消耗：1,360.74kb] [文件加载：38]
[ info ] [ LANG ] E:\job\template360\thinkphp\lang\zh-cn.php
[ info ] [ ROUTE ] array (
  'type' => 'module',
  'module' => 
  array (
    0 => 'admin',
    1 => 'login',
    2 => 'verify',
  ),
)
[ info ] [ HEADER ] array (
  'cookie' => 'sidebar_collapse=eyJpdiI6IlNYc0cwVmIyZ29cL1VXeTRYMXlBbUNRPT0iLCJ2YWx1ZSI6IjI5MjlNUk5QTWJTcys1YlhzVFczN0E9PSIsIm1hYyI6ImJhYjU2MThmOTljYjc4OWFiNWM3YTE4Yjc1Mzc1MjQ4MTc1NDZkZTMwMjA5YTVjZjU0ZWRlMGNjZmI2NTkxOTgifQ%3D%3D; PHPSESSID=sq0gn3rvgfdk9vm8ks6l5rmiq6',
  'accept-language' => 'zh-CN,zh;q=0.9',
  'accept-encoding' => 'gzip, deflate',
  'referer' => 'http://10.10.0.99:8365/admin/login/index.html',
  'accept' => 'image/webp,image/apng,image/*,*/*;q=0.8',
  'user-agent' => 'Mozilla/5.0 (Windows NT 10.0; WOW64) AppleWebKit/537.36 (KHTML, like Gecko) Chrome/63.0.3239.132 Safari/537.36',
  'connection' => 'keep-alive',
  'host' => '10.10.0.99:8365',
  'content-length' => '',
  'content-type' => '',
)
[ info ] [ PARAM ] array (
)
[ info ] [ RUN ] app\admin\controller\Login->verify[ E:\job\template360\application\admin\controller\Login.php ]
[ info ] [ LOG ] INIT File
[ error ] [1]Class 'think\captcha\Captcha' not found[E:\job\template360\application\admin\controller\Login.php:47]
---------------------------------------------------------------
[ 2018-07-10T09:49:22+08:00 ] 10.10.0.99 GET /admin/login/index.html
[ info ] 10.10.0.99:8365/admin/login/index.html [运行时间：0.041193s][吞吐率：24.28req/s] [内存消耗：1,399.90kb] [文件加载：37]
[ info ] [ LANG ] E:\job\template360\thinkphp\lang\zh-cn.php
[ info ] [ ROUTE ] array (
  'type' => 'module',
  'module' => 
  array (
    0 => 'admin',
    1 => 'login',
    2 => 'index',
  ),
)
[ info ] [ HEADER ] array (
  'cookie' => 'sidebar_collapse=eyJpdiI6IlNYc0cwVmIyZ29cL1VXeTRYMXlBbUNRPT0iLCJ2YWx1ZSI6IjI5MjlNUk5QTWJTcys1YlhzVFczN0E9PSIsIm1hYyI6ImJhYjU2MThmOTljYjc4OWFiNWM3YTE4Yjc1Mzc1MjQ4MTc1NDZkZTMwMjA5YTVjZjU0ZWRlMGNjZmI2NTkxOTgifQ%3D%3D; PHPSESSID=sq0gn3rvgfdk9vm8ks6l5rmiq6',
  'accept-language' => 'zh-CN,zh;q=0.9',
  'accept-encoding' => 'gzip, deflate',
  'accept' => 'text/html,application/xhtml+xml,application/xml;q=0.9,image/webp,image/apng,*/*;q=0.8',
  'upgrade-insecure-requests' => '1',
  'user-agent' => 'Mozilla/5.0 (Windows NT 10.0; WOW64) AppleWebKit/537.36 (KHTML, like Gecko) Chrome/63.0.3239.132 Safari/537.36',
  'cache-control' => 'no-cache',
  'pragma' => 'no-cache',
  'connection' => 'keep-alive',
  'host' => '10.10.0.99:8365',
  'content-length' => '',
  'content-type' => '',
)
[ info ] [ PARAM ] array (
)
[ info ] [ RUN ] app\admin\controller\Login->index[ E:\job\template360\application\admin\controller\Login.php ]
[ info ] [ VIEW ] E:\job\template360\public/../application/admin\view\login\index.php [ array (
) ]
[ info ] [ SESSION ] INIT array (
  'id' => '',
  'var_session_id' => '',
  'prefix' => 'think',
  'type' => 'redis',
  'auto_start' => true,
)
[ info ] [ LOG ] INIT File
---------------------------------------------------------------
[ 2018-07-10T09:49:23+08:00 ] 10.10.0.99 GET /admin/login/verify.html
[ info ] 10.10.0.99:8365/admin/login/verify.html [运行时间：0.044489s][吞吐率：22.48req/s] [内存消耗：1,361.24kb] [文件加载：38]
[ info ] [ LANG ] E:\job\template360\thinkphp\lang\zh-cn.php
[ info ] [ ROUTE ] array (
  'type' => 'module',
  'module' => 
  array (
    0 => 'admin',
    1 => 'login',
    2 => 'verify',
  ),
)
[ info ] [ HEADER ] array (
  'cookie' => 'sidebar_collapse=eyJpdiI6IlNYc0cwVmIyZ29cL1VXeTRYMXlBbUNRPT0iLCJ2YWx1ZSI6IjI5MjlNUk5QTWJTcys1YlhzVFczN0E9PSIsIm1hYyI6ImJhYjU2MThmOTljYjc4OWFiNWM3YTE4Yjc1Mzc1MjQ4MTc1NDZkZTMwMjA5YTVjZjU0ZWRlMGNjZmI2NTkxOTgifQ%3D%3D; PHPSESSID=sq0gn3rvgfdk9vm8ks6l5rmiq6',
  'accept-language' => 'zh-CN,zh;q=0.9',
  'accept-encoding' => 'gzip, deflate',
  'referer' => 'http://10.10.0.99:8365/admin/login/index.html',
  'accept' => 'image/webp,image/apng,image/*,*/*;q=0.8',
  'user-agent' => 'Mozilla/5.0 (Windows NT 10.0; WOW64) AppleWebKit/537.36 (KHTML, like Gecko) Chrome/63.0.3239.132 Safari/537.36',
  'cache-control' => 'no-cache',
  'pragma' => 'no-cache',
  'connection' => 'keep-alive',
  'host' => '10.10.0.99:8365',
  'content-length' => '',
  'content-type' => '',
)
[ info ] [ PARAM ] array (
)
[ info ] [ RUN ] app\admin\controller\Login->verify[ E:\job\template360\application\admin\controller\Login.php ]
[ info ] [ LOG ] INIT File
[ error ] [1]Class 'think\captcha\Captcha' not found[E:\job\template360\application\admin\controller\Login.php:47]
---------------------------------------------------------------
[ 2018-07-10T09:49:23+08:00 ] 10.10.0.99 GET /admin/login/index.html
[ info ] 10.10.0.99:8365/admin/login/index.html [运行时间：0.030059s][吞吐率：33.27req/s] [内存消耗：1,399.90kb] [文件加载：37]
[ info ] [ LANG ] E:\job\template360\thinkphp\lang\zh-cn.php
[ info ] [ ROUTE ] array (
  'type' => 'module',
  'module' => 
  array (
    0 => 'admin',
    1 => 'login',
    2 => 'index',
  ),
)
[ info ] [ HEADER ] array (
  'cookie' => 'sidebar_collapse=eyJpdiI6IlNYc0cwVmIyZ29cL1VXeTRYMXlBbUNRPT0iLCJ2YWx1ZSI6IjI5MjlNUk5QTWJTcys1YlhzVFczN0E9PSIsIm1hYyI6ImJhYjU2MThmOTljYjc4OWFiNWM3YTE4Yjc1Mzc1MjQ4MTc1NDZkZTMwMjA5YTVjZjU0ZWRlMGNjZmI2NTkxOTgifQ%3D%3D; PHPSESSID=sq0gn3rvgfdk9vm8ks6l5rmiq6',
  'accept-language' => 'zh-CN,zh;q=0.9',
  'accept-encoding' => 'gzip, deflate',
  'accept' => 'text/html,application/xhtml+xml,application/xml;q=0.9,image/webp,image/apng,*/*;q=0.8',
  'upgrade-insecure-requests' => '1',
  'user-agent' => 'Mozilla/5.0 (Windows NT 10.0; WOW64) AppleWebKit/537.36 (KHTML, like Gecko) Chrome/63.0.3239.132 Safari/537.36',
  'cache-control' => 'no-cache',
  'pragma' => 'no-cache',
  'connection' => 'keep-alive',
  'host' => '10.10.0.99:8365',
  'content-length' => '',
  'content-type' => '',
)
[ info ] [ PARAM ] array (
)
[ info ] [ RUN ] app\admin\controller\Login->index[ E:\job\template360\application\admin\controller\Login.php ]
[ info ] [ VIEW ] E:\job\template360\public/../application/admin\view\login\index.php [ array (
) ]
[ info ] [ SESSION ] INIT array (
  'id' => '',
  'var_session_id' => '',
  'prefix' => 'think',
  'type' => 'redis',
  'auto_start' => true,
)
[ info ] [ LOG ] INIT File
---------------------------------------------------------------
[ 2018-07-10T09:49:23+08:00 ] 10.10.0.99 GET /admin/login/verify.html
[ info ] 10.10.0.99:8365/admin/login/verify.html [运行时间：0.058097s][吞吐率：17.21req/s] [内存消耗：1,361.24kb] [文件加载：38]
[ info ] [ LANG ] E:\job\template360\thinkphp\lang\zh-cn.php
[ info ] [ ROUTE ] array (
  'type' => 'module',
  'module' => 
  array (
    0 => 'admin',
    1 => 'login',
    2 => 'verify',
  ),
)
[ info ] [ HEADER ] array (
  'cookie' => 'sidebar_collapse=eyJpdiI6IlNYc0cwVmIyZ29cL1VXeTRYMXlBbUNRPT0iLCJ2YWx1ZSI6IjI5MjlNUk5QTWJTcys1YlhzVFczN0E9PSIsIm1hYyI6ImJhYjU2MThmOTljYjc4OWFiNWM3YTE4Yjc1Mzc1MjQ4MTc1NDZkZTMwMjA5YTVjZjU0ZWRlMGNjZmI2NTkxOTgifQ%3D%3D; PHPSESSID=sq0gn3rvgfdk9vm8ks6l5rmiq6',
  'accept-language' => 'zh-CN,zh;q=0.9',
  'accept-encoding' => 'gzip, deflate',
  'referer' => 'http://10.10.0.99:8365/admin/login/index.html',
  'accept' => 'image/webp,image/apng,image/*,*/*;q=0.8',
  'user-agent' => 'Mozilla/5.0 (Windows NT 10.0; WOW64) AppleWebKit/537.36 (KHTML, like Gecko) Chrome/63.0.3239.132 Safari/537.36',
  'cache-control' => 'no-cache',
  'pragma' => 'no-cache',
  'connection' => 'keep-alive',
  'host' => '10.10.0.99:8365',
  'content-length' => '',
  'content-type' => '',
)
[ info ] [ PARAM ] array (
)
[ info ] [ RUN ] app\admin\controller\Login->verify[ E:\job\template360\application\admin\controller\Login.php ]
[ info ] [ LOG ] INIT File
[ error ] [1]Class 'think\captcha\Captcha' not found[E:\job\template360\application\admin\controller\Login.php:47]
---------------------------------------------------------------
[ 2018-07-10T09:49:23+08:00 ] 10.10.0.99 GET /admin/login/index.html
[ info ] 10.10.0.99:8365/admin/login/index.html [运行时间：0.045432s][吞吐率：22.01req/s] [内存消耗：1,399.90kb] [文件加载：37]
[ info ] [ LANG ] E:\job\template360\thinkphp\lang\zh-cn.php
[ info ] [ ROUTE ] array (
  'type' => 'module',
  'module' => 
  array (
    0 => 'admin',
    1 => 'login',
    2 => 'index',
  ),
)
[ info ] [ HEADER ] array (
  'cookie' => 'sidebar_collapse=eyJpdiI6IlNYc0cwVmIyZ29cL1VXeTRYMXlBbUNRPT0iLCJ2YWx1ZSI6IjI5MjlNUk5QTWJTcys1YlhzVFczN0E9PSIsIm1hYyI6ImJhYjU2MThmOTljYjc4OWFiNWM3YTE4Yjc1Mzc1MjQ4MTc1NDZkZTMwMjA5YTVjZjU0ZWRlMGNjZmI2NTkxOTgifQ%3D%3D; PHPSESSID=sq0gn3rvgfdk9vm8ks6l5rmiq6',
  'accept-language' => 'zh-CN,zh;q=0.9',
  'accept-encoding' => 'gzip, deflate',
  'accept' => 'text/html,application/xhtml+xml,application/xml;q=0.9,image/webp,image/apng,*/*;q=0.8',
  'upgrade-insecure-requests' => '1',
  'user-agent' => 'Mozilla/5.0 (Windows NT 10.0; WOW64) AppleWebKit/537.36 (KHTML, like Gecko) Chrome/63.0.3239.132 Safari/537.36',
  'cache-control' => 'no-cache',
  'pragma' => 'no-cache',
  'connection' => 'keep-alive',
  'host' => '10.10.0.99:8365',
  'content-length' => '',
  'content-type' => '',
)
[ info ] [ PARAM ] array (
)
[ info ] [ RUN ] app\admin\controller\Login->index[ E:\job\template360\application\admin\controller\Login.php ]
[ info ] [ VIEW ] E:\job\template360\public/../application/admin\view\login\index.php [ array (
) ]
[ info ] [ SESSION ] INIT array (
  'id' => '',
  'var_session_id' => '',
  'prefix' => 'think',
  'type' => 'redis',
  'auto_start' => true,
)
[ info ] [ LOG ] INIT File
---------------------------------------------------------------
[ 2018-07-10T09:51:19+08:00 ] 10.10.0.99 GET /admin
[ info ] 10.10.0.99:8365/admin [运行时间：0.037215s][吞吐率：26.87req/s] [内存消耗：1,414.78kb] [文件加载：39]
[ info ] [ LANG ] E:\job\template360\thinkphp\lang\zh-cn.php
[ info ] [ ROUTE ] array (
  'type' => 'module',
  'module' => 
  array (
    0 => 'admin',
    1 => NULL,
    2 => NULL,
  ),
)
[ info ] [ HEADER ] array (
  'cookie' => 'sidebar_collapse=eyJpdiI6IlNYc0cwVmIyZ29cL1VXeTRYMXlBbUNRPT0iLCJ2YWx1ZSI6IjI5MjlNUk5QTWJTcys1YlhzVFczN0E9PSIsIm1hYyI6ImJhYjU2MThmOTljYjc4OWFiNWM3YTE4Yjc1Mzc1MjQ4MTc1NDZkZTMwMjA5YTVjZjU0ZWRlMGNjZmI2NTkxOTgifQ%3D%3D; PHPSESSID=sq0gn3rvgfdk9vm8ks6l5rmiq6',
  'accept-language' => 'zh-CN,zh;q=0.9',
  'accept-encoding' => 'gzip, deflate',
  'accept' => 'text/html,application/xhtml+xml,application/xml;q=0.9,image/webp,image/apng,*/*;q=0.8',
  'upgrade-insecure-requests' => '1',
  'user-agent' => 'Mozilla/5.0 (Windows NT 10.0; WOW64) AppleWebKit/537.36 (KHTML, like Gecko) Chrome/63.0.3239.132 Safari/537.36',
  'connection' => 'keep-alive',
  'host' => '10.10.0.99:8365',
  'content-length' => '',
  'content-type' => '',
)
[ info ] [ PARAM ] array (
)
[ info ] [ SESSION ] INIT array (
  'id' => '',
  'var_session_id' => '',
  'prefix' => 'think',
  'type' => 'redis',
  'auto_start' => true,
)
[ info ] [ LOG ] INIT File
---------------------------------------------------------------
[ 2018-07-10T09:51:19+08:00 ] 10.10.0.99 GET /admin/login/index.html
[ info ] 10.10.0.99:8365/admin/login/index.html [运行时间：0.030500s][吞吐率：32.79req/s] [内存消耗：1,399.43kb] [文件加载：37]
[ info ] [ LANG ] E:\job\template360\thinkphp\lang\zh-cn.php
[ info ] [ ROUTE ] array (
  'type' => 'module',
  'module' => 
  array (
    0 => 'admin',
    1 => 'login',
    2 => 'index',
  ),
)
[ info ] [ HEADER ] array (
  'cookie' => 'sidebar_collapse=eyJpdiI6IlNYc0cwVmIyZ29cL1VXeTRYMXlBbUNRPT0iLCJ2YWx1ZSI6IjI5MjlNUk5QTWJTcys1YlhzVFczN0E9PSIsIm1hYyI6ImJhYjU2MThmOTljYjc4OWFiNWM3YTE4Yjc1Mzc1MjQ4MTc1NDZkZTMwMjA5YTVjZjU0ZWRlMGNjZmI2NTkxOTgifQ%3D%3D; PHPSESSID=sq0gn3rvgfdk9vm8ks6l5rmiq6',
  'accept-language' => 'zh-CN,zh;q=0.9',
  'accept-encoding' => 'gzip, deflate',
  'accept' => 'text/html,application/xhtml+xml,application/xml;q=0.9,image/webp,image/apng,*/*;q=0.8',
  'upgrade-insecure-requests' => '1',
  'user-agent' => 'Mozilla/5.0 (Windows NT 10.0; WOW64) AppleWebKit/537.36 (KHTML, like Gecko) Chrome/63.0.3239.132 Safari/537.36',
  'connection' => 'keep-alive',
  'host' => '10.10.0.99:8365',
  'content-length' => '',
  'content-type' => '',
)
[ info ] [ PARAM ] array (
)
[ info ] [ RUN ] app\admin\controller\Login->index[ E:\job\template360\application\admin\controller\Login.php ]
[ info ] [ VIEW ] E:\job\template360\public/../application/admin\view\login\index.php [ array (
) ]
[ info ] [ SESSION ] INIT array (
  'id' => '',
  'var_session_id' => '',
  'prefix' => 'think',
  'type' => 'redis',
  'auto_start' => true,
)
[ info ] [ LOG ] INIT File
---------------------------------------------------------------
[ 2018-07-10T09:51:20+08:00 ] 10.10.0.99 GET /admin/login/verify.html
[ info ] 10.10.0.99:8365/admin/login/verify.html [运行时间：0.053842s][吞吐率：18.57req/s] [内存消耗：1,360.74kb] [文件加载：38]
[ info ] [ LANG ] E:\job\template360\thinkphp\lang\zh-cn.php
[ info ] [ ROUTE ] array (
  'type' => 'module',
  'module' => 
  array (
    0 => 'admin',
    1 => 'login',
    2 => 'verify',
  ),
)
[ info ] [ HEADER ] array (
  'cookie' => 'sidebar_collapse=eyJpdiI6IlNYc0cwVmIyZ29cL1VXeTRYMXlBbUNRPT0iLCJ2YWx1ZSI6IjI5MjlNUk5QTWJTcys1YlhzVFczN0E9PSIsIm1hYyI6ImJhYjU2MThmOTljYjc4OWFiNWM3YTE4Yjc1Mzc1MjQ4MTc1NDZkZTMwMjA5YTVjZjU0ZWRlMGNjZmI2NTkxOTgifQ%3D%3D; PHPSESSID=sq0gn3rvgfdk9vm8ks6l5rmiq6',
  'accept-language' => 'zh-CN,zh;q=0.9',
  'accept-encoding' => 'gzip, deflate',
  'referer' => 'http://10.10.0.99:8365/admin/login/index.html',
  'accept' => 'image/webp,image/apng,image/*,*/*;q=0.8',
  'user-agent' => 'Mozilla/5.0 (Windows NT 10.0; WOW64) AppleWebKit/537.36 (KHTML, like Gecko) Chrome/63.0.3239.132 Safari/537.36',
  'connection' => 'keep-alive',
  'host' => '10.10.0.99:8365',
  'content-length' => '',
  'content-type' => '',
)
[ info ] [ PARAM ] array (
)
[ info ] [ RUN ] app\admin\controller\Login->verify[ E:\job\template360\application\admin\controller\Login.php ]
[ info ] [ LOG ] INIT File
[ error ] [1]Class 'think\captcha\Captcha' not found[E:\job\template360\application\admin\controller\Login.php:47]
---------------------------------------------------------------
[ 2018-07-10T09:51:26+08:00 ] 10.10.0.99 GET /admin/login/index.html
[ info ] 10.10.0.99:8365/admin/login/index.html [运行时间：0.037755s][吞吐率：26.49req/s] [内存消耗：1,399.62kb] [文件加载：37]
[ info ] [ LANG ] E:\job\template360\thinkphp\lang\zh-cn.php
[ info ] [ ROUTE ] array (
  'type' => 'module',
  'module' => 
  array (
    0 => 'admin',
    1 => 'login',
    2 => 'index',
  ),
)
[ info ] [ HEADER ] array (
  'cookie' => 'sidebar_collapse=eyJpdiI6IlNYc0cwVmIyZ29cL1VXeTRYMXlBbUNRPT0iLCJ2YWx1ZSI6IjI5MjlNUk5QTWJTcys1YlhzVFczN0E9PSIsIm1hYyI6ImJhYjU2MThmOTljYjc4OWFiNWM3YTE4Yjc1Mzc1MjQ4MTc1NDZkZTMwMjA5YTVjZjU0ZWRlMGNjZmI2NTkxOTgifQ%3D%3D; PHPSESSID=sq0gn3rvgfdk9vm8ks6l5rmiq6',
  'accept-language' => 'zh-CN,zh;q=0.9',
  'accept-encoding' => 'gzip, deflate',
  'accept' => 'text/html,application/xhtml+xml,application/xml;q=0.9,image/webp,image/apng,*/*;q=0.8',
  'upgrade-insecure-requests' => '1',
  'user-agent' => 'Mozilla/5.0 (Windows NT 10.0; WOW64) AppleWebKit/537.36 (KHTML, like Gecko) Chrome/63.0.3239.132 Safari/537.36',
  'cache-control' => 'max-age=0',
  'connection' => 'keep-alive',
  'host' => '10.10.0.99:8365',
  'content-length' => '',
  'content-type' => '',
)
[ info ] [ PARAM ] array (
)
[ info ] [ RUN ] app\admin\controller\Login->index[ E:\job\template360\application\admin\controller\Login.php ]
[ info ] [ VIEW ] E:\job\template360\public/../application/admin\view\login\index.php [ array (
) ]
[ info ] [ SESSION ] INIT array (
  'id' => '',
  'var_session_id' => '',
  'prefix' => 'think',
  'type' => 'redis',
  'auto_start' => true,
)
[ info ] [ LOG ] INIT File
---------------------------------------------------------------
[ 2018-07-10T09:51:26+08:00 ] 10.10.0.99 GET /admin/login/verify.html
[ info ] 10.10.0.99:8365/admin/login/verify.html [运行时间：0.032607s][吞吐率：30.67req/s] [内存消耗：1,360.74kb] [文件加载：38]
[ info ] [ LANG ] E:\job\template360\thinkphp\lang\zh-cn.php
[ info ] [ ROUTE ] array (
  'type' => 'module',
  'module' => 
  array (
    0 => 'admin',
    1 => 'login',
    2 => 'verify',
  ),
)
[ info ] [ HEADER ] array (
  'cookie' => 'sidebar_collapse=eyJpdiI6IlNYc0cwVmIyZ29cL1VXeTRYMXlBbUNRPT0iLCJ2YWx1ZSI6IjI5MjlNUk5QTWJTcys1YlhzVFczN0E9PSIsIm1hYyI6ImJhYjU2MThmOTljYjc4OWFiNWM3YTE4Yjc1Mzc1MjQ4MTc1NDZkZTMwMjA5YTVjZjU0ZWRlMGNjZmI2NTkxOTgifQ%3D%3D; PHPSESSID=sq0gn3rvgfdk9vm8ks6l5rmiq6',
  'accept-language' => 'zh-CN,zh;q=0.9',
  'accept-encoding' => 'gzip, deflate',
  'referer' => 'http://10.10.0.99:8365/admin/login/index.html',
  'accept' => 'image/webp,image/apng,image/*,*/*;q=0.8',
  'user-agent' => 'Mozilla/5.0 (Windows NT 10.0; WOW64) AppleWebKit/537.36 (KHTML, like Gecko) Chrome/63.0.3239.132 Safari/537.36',
  'connection' => 'keep-alive',
  'host' => '10.10.0.99:8365',
  'content-length' => '',
  'content-type' => '',
)
[ info ] [ PARAM ] array (
)
[ info ] [ RUN ] app\admin\controller\Login->verify[ E:\job\template360\application\admin\controller\Login.php ]
[ info ] [ LOG ] INIT File
[ error ] [1]Class 'think\captcha\Captcha' not found[E:\job\template360\application\admin\controller\Login.php:47]
---------------------------------------------------------------
[ 2018-07-10T09:51:26+08:00 ] 10.10.0.99 GET /admin/login/index.html
[ info ] 10.10.0.99:8365/admin/login/index.html [运行时间：0.050041s][吞吐率：19.98req/s] [内存消耗：1,399.62kb] [文件加载：37]
[ info ] [ LANG ] E:\job\template360\thinkphp\lang\zh-cn.php
[ info ] [ ROUTE ] array (
  'type' => 'module',
  'module' => 
  array (
    0 => 'admin',
    1 => 'login',
    2 => 'index',
  ),
)
[ info ] [ HEADER ] array (
  'cookie' => 'sidebar_collapse=eyJpdiI6IlNYc0cwVmIyZ29cL1VXeTRYMXlBbUNRPT0iLCJ2YWx1ZSI6IjI5MjlNUk5QTWJTcys1YlhzVFczN0E9PSIsIm1hYyI6ImJhYjU2MThmOTljYjc4OWFiNWM3YTE4Yjc1Mzc1MjQ4MTc1NDZkZTMwMjA5YTVjZjU0ZWRlMGNjZmI2NTkxOTgifQ%3D%3D; PHPSESSID=sq0gn3rvgfdk9vm8ks6l5rmiq6',
  'accept-language' => 'zh-CN,zh;q=0.9',
  'accept-encoding' => 'gzip, deflate',
  'accept' => 'text/html,application/xhtml+xml,application/xml;q=0.9,image/webp,image/apng,*/*;q=0.8',
  'upgrade-insecure-requests' => '1',
  'user-agent' => 'Mozilla/5.0 (Windows NT 10.0; WOW64) AppleWebKit/537.36 (KHTML, like Gecko) Chrome/63.0.3239.132 Safari/537.36',
  'cache-control' => 'max-age=0',
  'connection' => 'keep-alive',
  'host' => '10.10.0.99:8365',
  'content-length' => '',
  'content-type' => '',
)
[ info ] [ PARAM ] array (
)
[ info ] [ RUN ] app\admin\controller\Login->index[ E:\job\template360\application\admin\controller\Login.php ]
[ info ] [ VIEW ] E:\job\template360\public/../application/admin\view\login\index.php [ array (
) ]
[ info ] [ SESSION ] INIT array (
  'id' => '',
  'var_session_id' => '',
  'prefix' => 'think',
  'type' => 'redis',
  'auto_start' => true,
)
[ info ] [ LOG ] INIT File
---------------------------------------------------------------
[ 2018-07-10T09:51:27+08:00 ] 10.10.0.99 GET /admin/login/verify.html
[ info ] 10.10.0.99:8365/admin/login/verify.html [运行时间：0.038608s][吞吐率：25.90req/s] [内存消耗：1,360.74kb] [文件加载：38]
[ info ] [ LANG ] E:\job\template360\thinkphp\lang\zh-cn.php
[ info ] [ ROUTE ] array (
  'type' => 'module',
  'module' => 
  array (
    0 => 'admin',
    1 => 'login',
    2 => 'verify',
  ),
)
[ info ] [ HEADER ] array (
  'cookie' => 'sidebar_collapse=eyJpdiI6IlNYc0cwVmIyZ29cL1VXeTRYMXlBbUNRPT0iLCJ2YWx1ZSI6IjI5MjlNUk5QTWJTcys1YlhzVFczN0E9PSIsIm1hYyI6ImJhYjU2MThmOTljYjc4OWFiNWM3YTE4Yjc1Mzc1MjQ4MTc1NDZkZTMwMjA5YTVjZjU0ZWRlMGNjZmI2NTkxOTgifQ%3D%3D; PHPSESSID=sq0gn3rvgfdk9vm8ks6l5rmiq6',
  'accept-language' => 'zh-CN,zh;q=0.9',
  'accept-encoding' => 'gzip, deflate',
  'referer' => 'http://10.10.0.99:8365/admin/login/index.html',
  'accept' => 'image/webp,image/apng,image/*,*/*;q=0.8',
  'user-agent' => 'Mozilla/5.0 (Windows NT 10.0; WOW64) AppleWebKit/537.36 (KHTML, like Gecko) Chrome/63.0.3239.132 Safari/537.36',
  'connection' => 'keep-alive',
  'host' => '10.10.0.99:8365',
  'content-length' => '',
  'content-type' => '',
)
[ info ] [ PARAM ] array (
)
[ info ] [ RUN ] app\admin\controller\Login->verify[ E:\job\template360\application\admin\controller\Login.php ]
[ info ] [ LOG ] INIT File
[ error ] [1]Class 'think\captcha\Captcha' not found[E:\job\template360\application\admin\controller\Login.php:47]
---------------------------------------------------------------
[ 2018-07-10T09:51:38+08:00 ] 10.10.0.99 GET /admin/login/index.html
[ info ] 10.10.0.99:8365/admin/login/index.html [运行时间：0.039718s][吞吐率：25.18req/s] [内存消耗：1,399.62kb] [文件加载：37]
[ info ] [ LANG ] E:\job\template360\thinkphp\lang\zh-cn.php
[ info ] [ ROUTE ] array (
  'type' => 'module',
  'module' => 
  array (
    0 => 'admin',
    1 => 'login',
    2 => 'index',
  ),
)
[ info ] [ HEADER ] array (
  'cookie' => 'sidebar_collapse=eyJpdiI6IlNYc0cwVmIyZ29cL1VXeTRYMXlBbUNRPT0iLCJ2YWx1ZSI6IjI5MjlNUk5QTWJTcys1YlhzVFczN0E9PSIsIm1hYyI6ImJhYjU2MThmOTljYjc4OWFiNWM3YTE4Yjc1Mzc1MjQ4MTc1NDZkZTMwMjA5YTVjZjU0ZWRlMGNjZmI2NTkxOTgifQ%3D%3D; PHPSESSID=sq0gn3rvgfdk9vm8ks6l5rmiq6',
  'accept-language' => 'zh-CN,zh;q=0.9',
  'accept-encoding' => 'gzip, deflate',
  'accept' => 'text/html,application/xhtml+xml,application/xml;q=0.9,image/webp,image/apng,*/*;q=0.8',
  'user-agent' => 'Mozilla/5.0 (Windows NT 10.0; WOW64) AppleWebKit/537.36 (KHTML, like Gecko) Chrome/63.0.3239.132 Safari/537.36',
  'upgrade-insecure-requests' => '1',
  'cache-control' => 'max-age=0',
  'connection' => 'keep-alive',
  'host' => '10.10.0.99:8365',
  'content-length' => '',
  'content-type' => '',
)
[ info ] [ PARAM ] array (
)
[ info ] [ RUN ] app\admin\controller\Login->index[ E:\job\template360\application\admin\controller\Login.php ]
[ info ] [ VIEW ] E:\job\template360\public/../application/admin\view\login\index.php [ array (
) ]
[ info ] [ SESSION ] INIT array (
  'id' => '',
  'var_session_id' => '',
  'prefix' => 'think',
  'type' => 'redis',
  'auto_start' => true,
)
[ info ] [ LOG ] INIT File
---------------------------------------------------------------
[ 2018-07-10T09:51:38+08:00 ] 10.10.0.99 GET /admin/login/verify.html
[ info ] 10.10.0.99:8365/admin/login/verify.html [运行时间：0.043405s][吞吐率：23.04req/s] [内存消耗：1,360.74kb] [文件加载：38]
[ info ] [ LANG ] E:\job\template360\thinkphp\lang\zh-cn.php
[ info ] [ ROUTE ] array (
  'type' => 'module',
  'module' => 
  array (
    0 => 'admin',
    1 => 'login',
    2 => 'verify',
  ),
)
[ info ] [ HEADER ] array (
  'cookie' => 'sidebar_collapse=eyJpdiI6IlNYc0cwVmIyZ29cL1VXeTRYMXlBbUNRPT0iLCJ2YWx1ZSI6IjI5MjlNUk5QTWJTcys1YlhzVFczN0E9PSIsIm1hYyI6ImJhYjU2MThmOTljYjc4OWFiNWM3YTE4Yjc1Mzc1MjQ4MTc1NDZkZTMwMjA5YTVjZjU0ZWRlMGNjZmI2NTkxOTgifQ%3D%3D; PHPSESSID=sq0gn3rvgfdk9vm8ks6l5rmiq6',
  'accept-language' => 'zh-CN,zh;q=0.9',
  'accept-encoding' => 'gzip, deflate',
  'referer' => 'http://10.10.0.99:8365/admin/login/index.html',
  'accept' => 'image/webp,image/apng,image/*,*/*;q=0.8',
  'user-agent' => 'Mozilla/5.0 (Windows NT 10.0; WOW64) AppleWebKit/537.36 (KHTML, like Gecko) Chrome/63.0.3239.132 Safari/537.36',
  'connection' => 'keep-alive',
  'host' => '10.10.0.99:8365',
  'content-length' => '',
  'content-type' => '',
)
[ info ] [ PARAM ] array (
)
[ info ] [ RUN ] app\admin\controller\Login->verify[ E:\job\template360\application\admin\controller\Login.php ]
[ info ] [ LOG ] INIT File
[ error ] [1]Class 'think\captcha\Captcha' not found[E:\job\template360\application\admin\controller\Login.php:47]
---------------------------------------------------------------
[ 2018-07-10T09:54:55+08:00 ] 10.10.0.99 GET /admin/login/index.html
[ info ] 10.10.0.99:8365/admin/login/index.html [运行时间：0.154222s][吞吐率：6.48req/s] [内存消耗：1,694.32kb] [文件加载：47]
[ info ] [ LANG ] E:\job\template360\thinkphp\lang\zh-cn.php
[ info ] [ ROUTE ] array (
  'type' => 'module',
  'module' => 
  array (
    0 => 'admin',
    1 => 'login',
    2 => 'index',
  ),
)
[ info ] [ HEADER ] array (
  'cookie' => 'sidebar_collapse=eyJpdiI6IlNYc0cwVmIyZ29cL1VXeTRYMXlBbUNRPT0iLCJ2YWx1ZSI6IjI5MjlNUk5QTWJTcys1YlhzVFczN0E9PSIsIm1hYyI6ImJhYjU2MThmOTljYjc4OWFiNWM3YTE4Yjc1Mzc1MjQ4MTc1NDZkZTMwMjA5YTVjZjU0ZWRlMGNjZmI2NTkxOTgifQ%3D%3D; PHPSESSID=sq0gn3rvgfdk9vm8ks6l5rmiq6',
  'accept-language' => 'zh-CN,zh;q=0.9',
  'accept-encoding' => 'gzip, deflate',
  'accept' => 'text/html,application/xhtml+xml,application/xml;q=0.9,image/webp,image/apng,*/*;q=0.8',
  'user-agent' => 'Mozilla/5.0 (Windows NT 10.0; WOW64) AppleWebKit/537.36 (KHTML, like Gecko) Chrome/63.0.3239.132 Safari/537.36',
  'upgrade-insecure-requests' => '1',
  'cache-control' => 'max-age=0',
  'connection' => 'keep-alive',
  'host' => '10.10.0.99:8365',
  'content-length' => '',
  'content-type' => '',
)
[ info ] [ PARAM ] array (
)
[ info ] [ RUN ] app\admin\controller\Login->index[ E:\job\template360\application\admin\controller\Login.php ]
[ info ] [ VIEW ] E:\job\template360\public/../application/admin\view\login\index.php [ array (
) ]
[ info ] [ SESSION ] INIT array (
  'id' => '',
  'var_session_id' => '',
  'prefix' => 'think',
  'type' => 'redis',
  'auto_start' => true,
)
[ info ] [ LOG ] INIT File
---------------------------------------------------------------
[ 2018-07-10T09:54:56+08:00 ] 10.10.0.99 GET /admin/login/verify.html
[ info ] 10.10.0.99:8365/admin/login/verify.html [运行时间：0.726085s][吞吐率：1.38req/s] [内存消耗：1,687.66kb] [文件加载：46]
[ info ] [ LANG ] E:\job\template360\thinkphp\lang\zh-cn.php
[ info ] [ ROUTE ] array (
  'type' => 'module',
  'module' => 
  array (
    0 => 'admin',
    1 => 'login',
    2 => 'verify',
  ),
)
[ info ] [ HEADER ] array (
  'cookie' => 'sidebar_collapse=eyJpdiI6IlNYc0cwVmIyZ29cL1VXeTRYMXlBbUNRPT0iLCJ2YWx1ZSI6IjI5MjlNUk5QTWJTcys1YlhzVFczN0E9PSIsIm1hYyI6ImJhYjU2MThmOTljYjc4OWFiNWM3YTE4Yjc1Mzc1MjQ4MTc1NDZkZTMwMjA5YTVjZjU0ZWRlMGNjZmI2NTkxOTgifQ%3D%3D; PHPSESSID=sq0gn3rvgfdk9vm8ks6l5rmiq6',
  'accept-language' => 'zh-CN,zh;q=0.9',
  'accept-encoding' => 'gzip, deflate',
  'referer' => 'http://10.10.0.99:8365/admin/login/index.html',
  'accept' => 'image/webp,image/apng,image/*,*/*;q=0.8',
  'user-agent' => 'Mozilla/5.0 (Windows NT 10.0; WOW64) AppleWebKit/537.36 (KHTML, like Gecko) Chrome/63.0.3239.132 Safari/537.36',
  'connection' => 'keep-alive',
  'host' => '10.10.0.99:8365',
  'content-length' => '',
  'content-type' => '',
)
[ info ] [ PARAM ] array (
)
[ info ] [ RUN ] app\admin\controller\Login->verify[ E:\job\template360\application\admin\controller\Login.php ]
[ info ] [ SESSION ] INIT array (
  'id' => '',
  'var_session_id' => '',
  'prefix' => 'think',
  'type' => 'redis',
  'auto_start' => true,
)
[ info ] [ LOG ] INIT File
